Log file open, 11/13/19 15:34:33
LogWindows: Failed to load 'aqProf.dll' (GetLastError=126)
LogWindows: File 'aqProf.dll' does not exist
LogWindows: Failed to load 'VtuneApi.dll' (GetLastError=126)
LogWindows: File 'VtuneApi.dll' does not exist
LogWindows: Failed to load 'VtuneApi32e.dll' (GetLastError=126)
LogWindows: File 'VtuneApi32e.dll' does not exist
LogConsoleResponse: Display: Failed to find resolution value strings in scalability ini. Falling back to default.
LogInit: Display: Running engine for game: ROlliePollieV2
LogPakFile: Registered encryption key '00000000000000000000000000000000': 0 pak files mounted, 0 remain pending
LogPlatformFile: Not using cached read wrapper
LogTaskGraph: Started task graph with 5 named threads and 35 total threads with 3 sets of task threads.
LogStats: Stats thread started at 0.388291
LogD3D11RHI: Loaded GFSDK_Aftermath_Lib.x64.dll
LogICUInternationalization: ICU TimeZone Detection - Raw Offset: +12:00, Platform Override: ''
LogPluginManager: Mounting plugin Paper2D
LogPluginManager: Mounting plugin AISupport
LogPluginManager: Mounting plugin LightPropagationVolume
LogPluginManager: Mounting plugin ActorLayerUtilities
LogPluginManager: Mounting plugin AnimationSharing
LogPluginManager: Mounting plugin CLionSourceCodeAccess
LogPluginManager: Mounting plugin CodeLiteSourceCodeAccess
LogPluginManager: Mounting plugin GitSourceControl
LogPluginManager: Mounting plugin KDevelopSourceCodeAccess
LogPluginManager: Mounting plugin NullSourceCodeAccess
LogPluginManager: Mounting plugin PerforceSourceControl
LogPluginManager: Mounting plugin SubversionSourceControl
LogPluginManager: Mounting plugin UObjectPlugin
LogPluginManager: Mounting plugin VisualStudioCodeSourceCodeAccess
LogPluginManager: Mounting plugin VisualStudioSourceCodeAccess
LogPluginManager: Mounting plugin XCodeSourceCodeAccess
LogPluginManager: Mounting plugin AssetManagerEditor
LogPluginManager: Mounting plugin CryptoKeys
LogPluginManager: Mounting plugin DataValidation
LogPluginManager: Mounting plugin FacialAnimation
LogPluginManager: Mounting plugin GameplayTagsEditor
LogPluginManager: Mounting plugin MacGraphicsSwitching
LogPluginManager: Mounting plugin MaterialAnalyzer
LogPluginManager: Mounting plugin MobileLauncherProfileWizard
LogPluginManager: Mounting plugin PluginBrowser
LogPluginManager: Mounting plugin SpeedTreeImporter
LogPluginManager: Mounting plugin DatasmithContent
LogPluginManager: Mounting plugin VariantManagerContent
LogPluginManager: Mounting plugin AlembicImporter
LogPluginManager: Mounting plugin AppleImageUtils
LogPluginManager: Mounting plugin AppleVision
LogPluginManager: Mounting plugin BackChannel
LogPluginManager: Mounting plugin CharacterAI
LogPluginManager: Mounting plugin GeometryCache
LogPluginManager: Mounting plugin HTML5Networking
LogPluginManager: Mounting plugin ProxyLODPlugin
LogPluginManager: Mounting plugin SkeletalReduction
LogPluginManager: Mounting plugin MagicLeap
LogPluginManager: Mounting plugin MagicLeapMedia
LogPluginManager: Mounting plugin AndroidMedia
LogPluginManager: Mounting plugin AvfMedia
LogPluginManager: Mounting plugin ImgMedia
LogPluginManager: Mounting plugin LinearTimecode
LogPluginManager: Mounting plugin MediaCompositing
LogPluginManager: Mounting plugin MediaPlayerEditor
LogPluginManager: Mounting plugin WebMMedia
LogPluginManager: Mounting plugin WmfMedia
LogPluginManager: Mounting plugin TcpMessaging
LogPluginManager: Mounting plugin UdpMessaging
LogPluginManager: Mounting plugin ActorSequence
LogPluginManager: Mounting plugin LevelSequenceEditor
LogPluginManager: Mounting plugin MatineeToLevelSequence
LogPluginManager: Mounting plugin NetcodeUnitTest
LogPluginManager: Mounting plugin NUTUnrealEngine4
LogPluginManager: Mounting plugin OnlineSubsystemGooglePlay
LogPluginManager: Mounting plugin OnlineSubsystemIOS
LogPluginManager: Mounting plugin OnlineSubsystem
LogPluginManager: Mounting plugin OnlineSubsystemNull
LogPluginManager: Mounting plugin OnlineSubsystemUtils
LogPluginManager: Mounting plugin LauncherChunkInstaller
LogPluginManager: Mounting plugin AndroidDeviceProfileSelector
LogPluginManager: Mounting plugin AndroidMoviePlayer
LogPluginManager: Mounting plugin AndroidPermission
LogPluginManager: Mounting plugin AppleMoviePlayer
LogPluginManager: Mounting plugin ArchVisCharacter
LogPluginManager: Mounting plugin AudioCapture
LogPluginManager: Mounting plugin CableComponent
LogPluginManager: Mounting plugin CustomMeshComponent
LogPluginManager: Mounting plugin EditableMesh
LogPluginManager: Mounting plugin ExampleDeviceProfileSelector
LogPluginManager: Mounting plugin Firebase
LogPluginManager: Mounting plugin GoogleCloudMessaging
LogPluginManager: Mounting plugin IOSDeviceProfileSelector
LogPluginManager: Mounting plugin LinuxDeviceProfileSelector
LogPluginManager: Mounting plugin LocationServicesBPLibrary
LogPluginManager: Mounting plugin MobilePatchingUtils
LogPluginManager: Mounting plugin OculusVR
LogPluginManager: Mounting plugin PhysXVehicles
LogPluginManager: Mounting plugin ProceduralMeshComponent
LogPluginManager: Mounting plugin RuntimePhysXCooking
LogPluginManager: Mounting plugin SignificanceManager
LogPluginManager: Mounting plugin SteamController
LogPluginManager: Mounting plugin SteamVR
LogPluginManager: Mounting plugin WebMMoviePlayer
LogPluginManager: Mounting plugin WindowsMoviePlayer
LogInit: Using libcurl 7.55.1-DEV
LogInit:  - built for x86_64-pc-win32
LogInit:  - supports SSL with OpenSSL/1.1.1
LogInit:  - supports HTTP deflate (compression) using libz 1.2.8
LogInit:  - other features:
LogInit:      CURL_VERSION_SSL
LogInit:      CURL_VERSION_LIBZ
LogInit:      CURL_VERSION_IPV6
LogInit:      CURL_VERSION_ASYNCHDNS
LogInit:      CURL_VERSION_LARGEFILE
LogInit:      CURL_VERSION_IDN
LogInit:  CurlRequestOptions (configurable via config and command line):
LogInit:  - bVerifyPeer = true  - Libcurl will verify peer certificate
LogInit:  - bUseHttpProxy = false  - Libcurl will NOT use HTTP proxy
LogInit:  - bDontReuseConnections = false  - Libcurl will reuse connections
LogInit:  - MaxHostConnections = 16  - Libcurl will limit the number of connections to a host
LogInit:  - LocalHostAddr = Default
LogInit:  - BufferSize = 65536
LogModuleManager: Warning: ModuleManager: Unable to load module 'OnlineSubsystemSteam'  - 0 instances of that module name found.
LogInit: WinSock: version 1.1 (2.2), MaxSocks=32767, MaxUdp=65467
LogInit: Build: ++UE4+Release-4.22-CL-7053642
LogInit: Engine Version: 4.22.3-7053642+++UE4+Release-4.22
LogInit: Compatible Engine Version: 4.22.0-5660361+++UE4+Release-4.22
LogInit: Net CL: 5660361
LogInit: OS: Windows 10 (Release 1809) (), CPU: Intel(R) Core(TM) i7-8700 CPU @ 3.20GHz, GPU: NVIDIA GeForce GTX 1080
LogInit: Compiled (64-bit): Jun 18 2019 03:09:11
LogInit: Compiled with Visual C++: 19.16.27025.01
LogInit: Build Configuration: Development
LogInit: Branch Name: ++UE4+Release-4.22
LogInit: Command Line: 
LogInit: Base Directory: C:/Program Files/Epic Games/UE_4.22-2/UE_4.22/Engine/Binaries/Win64/
LogInit: Installed Engine Build: 1
LogDevObjectVersion: Number of dev versions registered: 23
LogDevObjectVersion:   Dev-Blueprints (B0D832E4-1F89-4F0D-ACCF-7EB736FD4AA2): 10
LogDevObjectVersion:   Dev-Build (E1C64328-A22C-4D53-A36C-8E866417BD8C): 0
LogDevObjectVersion:   Dev-Core (375EC13C-06E4-48FB-B500-84F0262A717E): 3
LogDevObjectVersion:   Dev-Editor (E4B068ED-F494-42E9-A231-DA0B2E46BB41): 30
LogDevObjectVersion:   Dev-Framework (CFFC743F-43B0-4480-9391-14DF171D2073): 35
LogDevObjectVersion:   Dev-Mobile (B02B49B5-BB20-44E9-A304-32B752E40360): 2
LogDevObjectVersion:   Dev-Networking (A4E4105C-59A1-49B5-A7C5-40C4547EDFEE): 0
LogDevObjectVersion:   Dev-Online (39C831C9-5AE6-47DC-9A44-9C173E1C8E7C): 0
LogDevObjectVersion:   Dev-Physics (78F01B33-EBEA-4F98-B9B4-84EACCB95AA2): 0
LogDevObjectVersion:   Dev-Platform (6631380F-2D4D-43E0-8009-CF276956A95A): 0
LogDevObjectVersion:   Dev-Rendering (12F88B9F-8875-4AFC-A67C-D90C383ABD29): 28
LogDevObjectVersion:   Dev-Sequencer (7B5AE74C-D270-4C10-A958-57980B212A5A): 11
LogDevObjectVersion:   Dev-VR (D7296918-1DD6-4BDD-9DE2-64A83CC13884): 2
LogDevObjectVersion:   Dev-LoadTimes (C2A15278-BFE7-4AFE-6C17-90FF531DF755): 1
LogDevObjectVersion:   Private-Geometry (6EACA3D4-40EC-4CC1-B786-8BED09428FC5): 3
LogDevObjectVersion:   Dev-AnimPhys (29E575DD-E0A3-4627-9D10-D276232CDCEA): 17
LogDevObjectVersion:   Dev-Anim (AF43A65D-7FD3-4947-9873-3E8ED9C1BB05): 2
LogDevObjectVersion:   Dev-ReflectionCapture (6B266CEC-1EC7-4B8F-A30B-E4D90942FC07): 1
LogDevObjectVersion:   Dev-Automation (0DF73D61-A23F-47EA-B727-89E90C41499A): 1
LogDevObjectVersion:   FortniteMain (601D1886-AC64-4F84-AA16-D3DE0DEAC7D6): 25
LogDevObjectVersion:   Dev-Enterprise (9DFFBCD6-494F-0158-E221-12823C92A888): 6
LogDevObjectVersion:   Dev-Niagara (F2AED0AC-9AFE-416F-8664-AA7FFA26D6FC): 1
LogDevObjectVersion:   Dev-Destruction (174F1F0B-B4C6-45A5-B13F-2EE8D0FB917D): 2
LogInit: Presizing for max 16777216 objects, including 0 objects not considered by GC, pre-allocating 0 bytes for permanent pool.
LogInit: Object subsystem initialized
LogConfig: Setting CVar [[con.DebugEarlyDefault:1]]
LogConfig: Setting CVar [[r.setres:1280x720]]
[2019.11.13-02.34.33:892][  0]LogConfig: Setting CVar [[r.VSync:0]]
[2019.11.13-02.34.33:892][  0]LogConfig: Setting CVar [[r.RHICmdBypass:0]]
[2019.11.13-02.34.33:892][  0]LogConfig: Applying CVar settings from Section [/Script/Engine.RendererSettings] File [C:/Users/ames/Desktop/Aaron/302/AaronsRolliePollie/RolliePollieV2/Saved/Config/Windows/Engine.ini]
[2019.11.13-02.34.33:892][  0]LogConfig: Setting CVar [[r.GPUCrashDebugging:0]]
[2019.11.13-02.34.33:892][  0]LogConfig: Applying CVar settings from Section [/Script/Engine.RendererOverrideSettings] File [C:/Users/ames/Desktop/Aaron/302/AaronsRolliePollie/RolliePollieV2/Saved/Config/Windows/Engine.ini]
[2019.11.13-02.34.33:892][  0]LogConfig: Applying CVar settings from Section [/Script/Engine.StreamingSettings] File [C:/Users/ames/Desktop/Aaron/302/AaronsRolliePollie/RolliePollieV2/Saved/Config/Windows/Engine.ini]
[2019.11.13-02.34.33:892][  0]LogConfig: Setting CVar [[s.MinBulkDataSizeForAsyncLoading:131072]]
[2019.11.13-02.34.33:892][  0]LogConfig: Setting CVar [[s.AsyncLoadingThreadEnabled:0]]
[2019.11.13-02.34.33:892][  0]LogConfig: Setting CVar [[s.EventDrivenLoaderEnabled:1]]
[2019.11.13-02.34.33:892][  0]LogConfig: Setting CVar [[s.WarnIfTimeLimitExceeded:0]]
[2019.11.13-02.34.33:892][  0]LogConfig: Setting CVar [[s.TimeLimitExceededMultiplier:1.5]]
[2019.11.13-02.34.33:892][  0]LogConfig: Setting CVar [[s.TimeLimitExceededMinTime:0.005]]
[2019.11.13-02.34.33:892][  0]LogConfig: Setting CVar [[s.UseBackgroundLevelStreaming:1]]
[2019.11.13-02.34.33:892][  0]LogConfig: Setting CVar [[s.PriorityAsyncLoadingExtraTime:15.0]]
[2019.11.13-02.34.33:892][  0]LogConfig: Setting CVar [[s.LevelStreamingActorsUpdateTimeLimit:5.0]]
[2019.11.13-02.34.33:892][  0]LogConfig: Setting CVar [[s.PriorityLevelStreamingActorsUpdateExtraTime:5.0]]
[2019.11.13-02.34.33:892][  0]LogConfig: Setting CVar [[s.LevelStreamingComponentsRegistrationGranularity:10]]
[2019.11.13-02.34.33:892][  0]LogConfig: Setting CVar [[s.UnregisterComponentsTimeLimit:1.0]]
[2019.11.13-02.34.33:892][  0]LogConfig: Setting CVar [[s.LevelStreamingComponentsUnregistrationGranularity:5]]
[2019.11.13-02.34.33:892][  0]LogConfig: Applying CVar settings from Section [/Script/Engine.GarbageCollectionSettings] File [C:/Users/ames/Desktop/Aaron/302/AaronsRolliePollie/RolliePollieV2/Saved/Config/Windows/Engine.ini]
[2019.11.13-02.34.33:892][  0]LogConfig: Setting CVar [[gc.MaxObjectsNotConsideredByGC:1]]
[2019.11.13-02.34.33:892][  0]LogConfig: Setting CVar [[gc.SizeOfPermanentObjectPool:0]]
[2019.11.13-02.34.33:892][  0]LogConfig: Setting CVar [[gc.FlushStreamingOnGC:0]]
[2019.11.13-02.34.33:892][  0]LogConfig: Setting CVar [[gc.NumRetriesBeforeForcingGC:10]]
[2019.11.13-02.34.33:892][  0]LogConfig: Setting CVar [[gc.AllowParallelGC:1]]
[2019.11.13-02.34.33:892][  0]LogConfig: Setting CVar [[gc.TimeBetweenPurgingPendingKillObjects:61.1]]
[2019.11.13-02.34.33:893][  0]LogConfig: Setting CVar [[gc.MaxObjectsInEditor:16777216]]
[2019.11.13-02.34.33:893][  0]LogConfig: Setting CVar [[gc.IncrementalBeginDestroyEnabled:1]]
[2019.11.13-02.34.33:893][  0]LogConfig: Setting CVar [[gc.CreateGCClusters:1]]
[2019.11.13-02.34.33:893][  0]LogConfig: Setting CVar [[gc.MinGCClusterSize:5]]
[2019.11.13-02.34.33:893][  0]LogConfig: Setting CVar [[gc.ActorClusteringEnabled:0]]
[2019.11.13-02.34.33:893][  0]LogConfig: Setting CVar [[gc.BlueprintClusteringEnabled:0]]
[2019.11.13-02.34.33:893][  0]LogConfig: Setting CVar [[gc.UseDisregardForGCOnDedicatedServers:0]]
[2019.11.13-02.34.33:893][  0]LogConfig: Applying CVar settings from Section [/Script/Engine.NetworkSettings] File [C:/Users/ames/Desktop/Aaron/302/AaronsRolliePollie/RolliePollieV2/Saved/Config/Windows/Engine.ini]
[2019.11.13-02.34.33:893][  0]LogConfig: Applying CVar settings from Section [/Script/UnrealEd.CookerSettings] File [C:/Users/ames/Desktop/Aaron/302/AaronsRolliePollie/RolliePollieV2/Saved/Config/Windows/Engine.ini]
[2019.11.13-02.34.33:896][  0]LogConfig: Applying CVar settings from Section [ViewDistanceQuality@3] File [C:/Users/ames/Desktop/Aaron/302/AaronsRolliePollie/RolliePollieV2/Saved/Config/Windows/Scalability.ini]
[2019.11.13-02.34.33:896][  0]LogConfig: Setting CVar [[r.SkeletalMeshLODBias:0]]
[2019.11.13-02.34.33:896][  0]LogConfig: Setting CVar [[r.ViewDistanceScale:1.0]]
[2019.11.13-02.34.33:896][  0]LogConfig: Applying CVar settings from Section [AntiAliasingQuality@3] File [C:/Users/ames/Desktop/Aaron/302/AaronsRolliePollie/RolliePollieV2/Saved/Config/Windows/Scalability.ini]
[2019.11.13-02.34.33:896][  0]LogConfig: Setting CVar [[r.PostProcessAAQuality:4]]
[2019.11.13-02.34.33:896][  0]LogConfig: Applying CVar settings from Section [ShadowQuality@3] File [C:/Users/ames/Desktop/Aaron/302/AaronsRolliePollie/RolliePollieV2/Saved/Config/Windows/Scalability.ini]
[2019.11.13-02.34.33:896][  0]LogConfig: Setting CVar [[r.LightFunctionQuality:1]]
[2019.11.13-02.34.33:896][  0]LogConfig: Setting CVar [[r.ShadowQuality:5]]
[2019.11.13-02.34.33:896][  0]LogConfig: Setting CVar [[r.Shadow.CSM.MaxCascades:10]]
[2019.11.13-02.34.33:896][  0]LogConfig: Setting CVar [[r.Shadow.MaxResolution:2048]]
[2019.11.13-02.34.33:896][  0]LogConfig: Setting CVar [[r.Shadow.MaxCSMResolution:2048]]
[2019.11.13-02.34.33:896][  0]LogConfig: Setting CVar [[r.Shadow.RadiusThreshold:0.01]]
[2019.11.13-02.34.33:896][  0]LogConfig: Setting CVar [[r.Shadow.DistanceScale:1.0]]
[2019.11.13-02.34.33:896][  0]LogConfig: Setting CVar [[r.Shadow.CSM.TransitionScale:1.0]]
[2019.11.13-02.34.33:896][  0]LogConfig: Setting CVar [[r.Shadow.PreShadowResolutionFactor:1.0]]
[2019.11.13-02.34.33:896][  0]LogConfig: Setting CVar [[r.DistanceFieldShadowing:1]]
[2019.11.13-02.34.33:896][  0]LogConfig: Setting CVar [[r.DistanceFieldAO:1]]
[2019.11.13-02.34.33:896][  0]LogConfig: Setting CVar [[r.AOQuality:2]]
[2019.11.13-02.34.33:896][  0]LogConfig: Setting CVar [[r.VolumetricFog:1]]
[2019.11.13-02.34.33:896][  0]LogConfig: Setting CVar [[r.VolumetricFog.GridPixelSize:8]]
[2019.11.13-02.34.33:896][  0]LogConfig: Setting CVar [[r.VolumetricFog.GridSizeZ:128]]
[2019.11.13-02.34.33:896][  0]LogConfig: Setting CVar [[r.VolumetricFog.HistoryMissSupersampleCount:4]]
[2019.11.13-02.34.33:896][  0]LogConfig: Setting CVar [[r.LightMaxDrawDistanceScale:1]]
[2019.11.13-02.34.33:896][  0]LogConfig: Setting CVar [[r.CapsuleShadows:1]]
[2019.11.13-02.34.33:896][  0]LogConfig: Applying CVar settings from Section [PostProcessQuality@3] File [C:/Users/ames/Desktop/Aaron/302/AaronsRolliePollie/RolliePollieV2/Saved/Config/Windows/Scalability.ini]
[2019.11.13-02.34.33:896][  0]LogConfig: Setting CVar [[r.MotionBlurQuality:4]]
[2019.11.13-02.34.33:896][  0]LogConfig: Setting CVar [[r.AmbientOcclusionMipLevelFactor:0.4]]
[2019.11.13-02.34.33:896][  0]LogConfig: Setting CVar [[r.AmbientOcclusionMaxQuality:100]]
[2019.11.13-02.34.33:896][  0]LogConfig: Setting CVar [[r.AmbientOcclusionLevels:-1]]
[2019.11.13-02.34.33:896][  0]LogConfig: Setting CVar [[r.AmbientOcclusionRadiusScale:1.0]]
[2019.11.13-02.34.33:896][  0]LogConfig: Setting CVar [[r.DepthOfFieldQuality:2]]
[2019.11.13-02.34.33:896][  0]LogConfig: Setting CVar [[r.RenderTargetPoolMin:400]]
[2019.11.13-02.34.33:896][  0]LogConfig: Setting CVar [[r.LensFlareQuality:2]]
[2019.11.13-02.34.33:896][  0]LogConfig: Setting CVar [[r.SceneColorFringeQuality:1]]
[2019.11.13-02.34.33:896][  0]LogConfig: Setting CVar [[r.EyeAdaptationQuality:2]]
[2019.11.13-02.34.33:896][  0]LogConfig: Setting CVar [[r.BloomQuality:5]]
[2019.11.13-02.34.33:896][  0]LogConfig: Setting CVar [[r.FastBlurThreshold:100]]
[2019.11.13-02.34.33:896][  0]LogConfig: Setting CVar [[r.Upscale.Quality:3]]
[2019.11.13-02.34.33:897][  0]LogConfig: Setting CVar [[r.Tonemapper.GrainQuantization:1]]
[2019.11.13-02.34.33:897][  0]LogConfig: Setting CVar [[r.LightShaftQuality:1]]
[2019.11.13-02.34.33:897][  0]LogConfig: Setting CVar [[r.Filter.SizeScale:1]]
[2019.11.13-02.34.33:897][  0]LogConfig: Setting CVar [[r.Tonemapper.Quality:5]]
[2019.11.13-02.34.33:897][  0]LogConfig: Setting CVar [[r.DOF.Gather.AccumulatorQuality:1        ; higher gathering accumulator quality]]
[2019.11.13-02.34.33:897][  0]LogConfig: Setting CVar [[r.DOF.Gather.PostfilterMethod:1          ; Median3x3 postfilering method]]
[2019.11.13-02.34.33:897][  0]LogConfig: Setting CVar [[r.DOF.Gather.EnableBokehSettings:0       ; no bokeh simulation when gathering]]
[2019.11.13-02.34.33:897][  0]LogConfig: Setting CVar [[r.DOF.Gather.RingCount:4                 ; medium number of samples when gathering]]
[2019.11.13-02.34.33:897][  0]LogConfig: Setting CVar [[r.DOF.Scatter.ForegroundCompositing:1    ; additive foreground scattering]]
[2019.11.13-02.34.33:897][  0]LogConfig: Setting CVar [[r.DOF.Scatter.BackgroundCompositing:2    ; additive background scattering]]
[2019.11.13-02.34.33:897][  0]LogConfig: Setting CVar [[r.DOF.Scatter.EnableBokehSettings:1      ; bokeh simulation when scattering]]
[2019.11.13-02.34.33:897][  0]LogConfig: Setting CVar [[r.DOF.Scatter.MaxSpriteRatio:0.1         ; only a maximum of 10% of scattered bokeh]]
[2019.11.13-02.34.33:897][  0]LogConfig: Setting CVar [[r.DOF.Recombine.Quality:1                ; cheap slight out of focus]]
[2019.11.13-02.34.33:897][  0]LogConfig: Setting CVar [[r.DOF.Recombine.EnableBokehSettings:0    ; no bokeh simulation on slight out of focus]]
[2019.11.13-02.34.33:897][  0]LogConfig: Setting CVar [[r.DOF.TemporalAAQuality:1                ; more stable temporal accumulation]]
[2019.11.13-02.34.33:897][  0]LogConfig: Setting CVar [[r.DOF.Kernel.MaxForegroundRadius:0.025]]
[2019.11.13-02.34.33:897][  0]LogConfig: Setting CVar [[r.DOF.Kernel.MaxBackgroundRadius:0.025]]
[2019.11.13-02.34.33:897][  0]LogConfig: Applying CVar settings from Section [TextureQuality@3] File [C:/Users/ames/Desktop/Aaron/302/AaronsRolliePollie/RolliePollieV2/Saved/Config/Windows/Scalability.ini]
[2019.11.13-02.34.33:897][  0]LogConfig: Setting CVar [[r.Streaming.MipBias:0]]
[2019.11.13-02.34.33:897][  0]LogConfig: Setting CVar [[r.Streaming.AmortizeCPUToGPUCopy:0]]
[2019.11.13-02.34.33:897][  0]LogConfig: Setting CVar [[r.Streaming.MaxNumTexturesToStreamPerFrame:0]]
[2019.11.13-02.34.33:897][  0]LogConfig: Setting CVar [[r.Streaming.Boost:1]]
[2019.11.13-02.34.33:897][  0]LogConfig: Setting CVar [[r.MaxAnisotropy:8]]
[2019.11.13-02.34.33:897][  0]LogConfig: Setting CVar [[r.Streaming.LimitPoolSizeToVRAM:0]]
[2019.11.13-02.34.33:897][  0]LogConfig: Setting CVar [[r.Streaming.PoolSize:1000]]
[2019.11.13-02.34.33:897][  0]LogConfig: Setting CVar [[r.Streaming.MaxEffectiveScreenSize:0]]
[2019.11.13-02.34.33:897][  0]LogConfig: Applying CVar settings from Section [EffectsQuality@3] File [C:/Users/ames/Desktop/Aaron/302/AaronsRolliePollie/RolliePollieV2/Saved/Config/Windows/Scalability.ini]
[2019.11.13-02.34.33:897][  0]LogConfig: Setting CVar [[r.TranslucencyLightingVolumeDim:64]]
[2019.11.13-02.34.33:897][  0]LogConfig: Setting CVar [[r.RefractionQuality:2]]
[2019.11.13-02.34.33:897][  0]LogConfig: Setting CVar [[r.SSR.Quality:3]]
[2019.11.13-02.34.33:897][  0]LogConfig: Setting CVar [[r.SceneColorFormat:4]]
[2019.11.13-02.34.33:897][  0]LogConfig: Setting CVar [[r.DetailMode:2]]
[2019.11.13-02.34.33:897][  0]LogConfig: Setting CVar [[r.TranslucencyVolumeBlur:1]]
[2019.11.13-02.34.33:897][  0]LogConfig: Setting CVar [[r.MaterialQualityLevel:1 ; High quality]]
[2019.11.13-02.34.33:897][  0]LogConfig: Setting CVar [[r.SSS.Scale:1]]
[2019.11.13-02.34.33:897][  0]LogConfig: Setting CVar [[r.SSS.SampleSet:2]]
[2019.11.13-02.34.33:897][  0]LogConfig: Setting CVar [[r.SSS.Quality:1]]
[2019.11.13-02.34.33:897][  0]LogConfig: Setting CVar [[r.SSS.HalfRes:1]]
[2019.11.13-02.34.33:897][  0]LogConfig: Setting CVar [[r.EmitterSpawnRateScale:1.0]]
[2019.11.13-02.34.33:897][  0]LogConfig: Setting CVar [[r.ParticleLightQuality:2]]
[2019.11.13-02.34.33:897][  0]LogConfig: Applying CVar settings from Section [FoliageQuality@3] File [C:/Users/ames/Desktop/Aaron/302/AaronsRolliePollie/RolliePollieV2/Saved/Config/Windows/Scalability.ini]
[2019.11.13-02.34.33:897][  0]LogConfig: Setting CVar [[foliage.DensityScale:1.0]]
[2019.11.13-02.34.33:897][  0]LogConfig: Setting CVar [[grass.DensityScale:1.0]]
[2019.11.13-02.34.33:897][  0]LogInit: Selected Device Profile: [Windows]
[2019.11.13-02.34.33:897][  0]LogInit: Applying CVar settings loaded from the selected device profile: [Windows]
[2019.11.13-02.34.33:904][  0]LogHAL: Display: Platform has ~ 32 GB [34182828032 / 34359738368 / 32], which maps to Largest [LargestMinGB=32, LargerMinGB=12, DefaultMinGB=8, SmallerMinGB=6, SmallestMinGB=0)
[2019.11.13-02.34.33:904][  0]LogConfig: Setting CVar [[r.Vulkan.UseRealUBs:0		; Required until we fix HLR fall-out]]
[2019.11.13-02.34.33:904][  0]LogInit: Going up to parent DeviceProfile []
[2019.11.13-02.34.33:904][  0]LogConfig: Applying CVar settings from Section [ViewDistanceQuality@3] File [C:/Users/ames/Desktop/Aaron/302/AaronsRolliePollie/RolliePollieV2/Saved/Config/Windows/Scalability.ini]
[2019.11.13-02.34.33:904][  0]LogConfig: Setting CVar [[r.SkeletalMeshLODBias:0]]
[2019.11.13-02.34.33:904][  0]LogConfig: Setting CVar [[r.ViewDistanceScale:1.0]]
[2019.11.13-02.34.33:904][  0]LogConfig: Applying CVar settings from Section [AntiAliasingQuality@3] File [C:/Users/ames/Desktop/Aaron/302/AaronsRolliePollie/RolliePollieV2/Saved/Config/Windows/Scalability.ini]
[2019.11.13-02.34.33:904][  0]LogConfig: Setting CVar [[r.PostProcessAAQuality:4]]
[2019.11.13-02.34.33:904][  0]LogConfig: Applying CVar settings from Section [ShadowQuality@3] File [C:/Users/ames/Desktop/Aaron/302/AaronsRolliePollie/RolliePollieV2/Saved/Config/Windows/Scalability.ini]
[2019.11.13-02.34.33:904][  0]LogConfig: Setting CVar [[r.LightFunctionQuality:1]]
[2019.11.13-02.34.33:904][  0]LogConfig: Setting CVar [[r.ShadowQuality:5]]
[2019.11.13-02.34.33:904][  0]LogConfig: Setting CVar [[r.Shadow.CSM.MaxCascades:10]]
[2019.11.13-02.34.33:904][  0]LogConfig: Setting CVar [[r.Shadow.MaxResolution:2048]]
[2019.11.13-02.34.33:904][  0]LogConfig: Setting CVar [[r.Shadow.MaxCSMResolution:2048]]
[2019.11.13-02.34.33:904][  0]LogConfig: Setting CVar [[r.Shadow.RadiusThreshold:0.01]]
[2019.11.13-02.34.33:904][  0]LogConfig: Setting CVar [[r.Shadow.DistanceScale:1.0]]
[2019.11.13-02.34.33:904][  0]LogConfig: Setting CVar [[r.Shadow.CSM.TransitionScale:1.0]]
[2019.11.13-02.34.33:904][  0]LogConfig: Setting CVar [[r.Shadow.PreShadowResolutionFactor:1.0]]
[2019.11.13-02.34.33:904][  0]LogConfig: Setting CVar [[r.DistanceFieldShadowing:1]]
[2019.11.13-02.34.33:904][  0]LogConfig: Setting CVar [[r.DistanceFieldAO:1]]
[2019.11.13-02.34.33:904][  0]LogConfig: Setting CVar [[r.AOQuality:2]]
[2019.11.13-02.34.33:904][  0]LogConfig: Setting CVar [[r.VolumetricFog:1]]
[2019.11.13-02.34.33:904][  0]LogConfig: Setting CVar [[r.VolumetricFog.GridPixelSize:8]]
[2019.11.13-02.34.33:904][  0]LogConfig: Setting CVar [[r.VolumetricFog.GridSizeZ:128]]
[2019.11.13-02.34.33:904][  0]LogConfig: Setting CVar [[r.VolumetricFog.HistoryMissSupersampleCount:4]]
[2019.11.13-02.34.33:904][  0]LogConfig: Setting CVar [[r.LightMaxDrawDistanceScale:1]]
[2019.11.13-02.34.33:904][  0]LogConfig: Setting CVar [[r.CapsuleShadows:1]]
[2019.11.13-02.34.33:904][  0]LogConfig: Applying CVar settings from Section [PostProcessQuality@3] File [C:/Users/ames/Desktop/Aaron/302/AaronsRolliePollie/RolliePollieV2/Saved/Config/Windows/Scalability.ini]
[2019.11.13-02.34.33:904][  0]LogConfig: Setting CVar [[r.MotionBlurQuality:4]]
[2019.11.13-02.34.33:904][  0]LogConfig: Setting CVar [[r.AmbientOcclusionMipLevelFactor:0.4]]
[2019.11.13-02.34.33:904][  0]LogConfig: Setting CVar [[r.AmbientOcclusionMaxQuality:100]]
[2019.11.13-02.34.33:904][  0]LogConfig: Setting CVar [[r.AmbientOcclusionLevels:-1]]
[2019.11.13-02.34.33:904][  0]LogConfig: Setting CVar [[r.AmbientOcclusionRadiusScale:1.0]]
[2019.11.13-02.34.33:904][  0]LogConfig: Setting CVar [[r.DepthOfFieldQuality:2]]
[2019.11.13-02.34.33:904][  0]LogConfig: Setting CVar [[r.RenderTargetPoolMin:400]]
[2019.11.13-02.34.33:904][  0]LogConfig: Setting CVar [[r.LensFlareQuality:2]]
[2019.11.13-02.34.33:904][  0]LogConfig: Setting CVar [[r.SceneColorFringeQuality:1]]
[2019.11.13-02.34.33:904][  0]LogConfig: Setting CVar [[r.EyeAdaptationQuality:2]]
[2019.11.13-02.34.33:904][  0]LogConfig: Setting CVar [[r.BloomQuality:5]]
[2019.11.13-02.34.33:904][  0]LogConfig: Setting CVar [[r.FastBlurThreshold:100]]
[2019.11.13-02.34.33:904][  0]LogConfig: Setting CVar [[r.Upscale.Quality:3]]
[2019.11.13-02.34.33:904][  0]LogConfig: Setting CVar [[r.Tonemapper.GrainQuantization:1]]
[2019.11.13-02.34.33:904][  0]LogConfig: Setting CVar [[r.LightShaftQuality:1]]
[2019.11.13-02.34.33:904][  0]LogConfig: Setting CVar [[r.Filter.SizeScale:1]]
[2019.11.13-02.34.33:904][  0]LogConfig: Setting CVar [[r.Tonemapper.Quality:5]]
[2019.11.13-02.34.33:905][  0]LogConfig: Setting CVar [[r.DOF.Gather.AccumulatorQuality:1        ; higher gathering accumulator quality]]
[2019.11.13-02.34.33:905][  0]LogConfig: Setting CVar [[r.DOF.Gather.PostfilterMethod:1          ; Median3x3 postfilering method]]
[2019.11.13-02.34.33:905][  0]LogConfig: Setting CVar [[r.DOF.Gather.EnableBokehSettings:0       ; no bokeh simulation when gathering]]
[2019.11.13-02.34.33:905][  0]LogConfig: Setting CVar [[r.DOF.Gather.RingCount:4                 ; medium number of samples when gathering]]
[2019.11.13-02.34.33:905][  0]LogConfig: Setting CVar [[r.DOF.Scatter.ForegroundCompositing:1    ; additive foreground scattering]]
[2019.11.13-02.34.33:905][  0]LogConfig: Setting CVar [[r.DOF.Scatter.BackgroundCompositing:2    ; additive background scattering]]
[2019.11.13-02.34.33:905][  0]LogConfig: Setting CVar [[r.DOF.Scatter.EnableBokehSettings:1      ; bokeh simulation when scattering]]
[2019.11.13-02.34.33:905][  0]LogConfig: Setting CVar [[r.DOF.Scatter.MaxSpriteRatio:0.1         ; only a maximum of 10% of scattered bokeh]]
[2019.11.13-02.34.33:905][  0]LogConfig: Setting CVar [[r.DOF.Recombine.Quality:1                ; cheap slight out of focus]]
[2019.11.13-02.34.33:905][  0]LogConfig: Setting CVar [[r.DOF.Recombine.EnableBokehSettings:0    ; no bokeh simulation on slight out of focus]]
[2019.11.13-02.34.33:905][  0]LogConfig: Setting CVar [[r.DOF.TemporalAAQuality:1                ; more stable temporal accumulation]]
[2019.11.13-02.34.33:905][  0]LogConfig: Setting CVar [[r.DOF.Kernel.MaxForegroundRadius:0.025]]
[2019.11.13-02.34.33:905][  0]LogConfig: Setting CVar [[r.DOF.Kernel.MaxBackgroundRadius:0.025]]
[2019.11.13-02.34.33:905][  0]LogConfig: Applying CVar settings from Section [TextureQuality@3] File [C:/Users/ames/Desktop/Aaron/302/AaronsRolliePollie/RolliePollieV2/Saved/Config/Windows/Scalability.ini]
[2019.11.13-02.34.33:905][  0]LogConfig: Setting CVar [[r.Streaming.MipBias:0]]
[2019.11.13-02.34.33:905][  0]LogConfig: Setting CVar [[r.Streaming.AmortizeCPUToGPUCopy:0]]
[2019.11.13-02.34.33:905][  0]LogConfig: Setting CVar [[r.Streaming.MaxNumTexturesToStreamPerFrame:0]]
[2019.11.13-02.34.33:905][  0]LogConfig: Setting CVar [[r.Streaming.Boost:1]]
[2019.11.13-02.34.33:905][  0]LogConfig: Setting CVar [[r.MaxAnisotropy:8]]
[2019.11.13-02.34.33:905][  0]LogConfig: Setting CVar [[r.Streaming.LimitPoolSizeToVRAM:0]]
[2019.11.13-02.34.33:905][  0]LogConfig: Setting CVar [[r.Streaming.PoolSize:1000]]
[2019.11.13-02.34.33:905][  0]LogConfig: Setting CVar [[r.Streaming.MaxEffectiveScreenSize:0]]
[2019.11.13-02.34.33:905][  0]LogConfig: Applying CVar settings from Section [EffectsQuality@3] File [C:/Users/ames/Desktop/Aaron/302/AaronsRolliePollie/RolliePollieV2/Saved/Config/Windows/Scalability.ini]
[2019.11.13-02.34.33:905][  0]LogConfig: Setting CVar [[r.TranslucencyLightingVolumeDim:64]]
[2019.11.13-02.34.33:905][  0]LogConfig: Setting CVar [[r.RefractionQuality:2]]
[2019.11.13-02.34.33:905][  0]LogConfig: Setting CVar [[r.SSR.Quality:3]]
[2019.11.13-02.34.33:905][  0]LogConfig: Setting CVar [[r.SceneColorFormat:4]]
[2019.11.13-02.34.33:905][  0]LogConfig: Setting CVar [[r.DetailMode:2]]
[2019.11.13-02.34.33:905][  0]LogConfig: Setting CVar [[r.TranslucencyVolumeBlur:1]]
[2019.11.13-02.34.33:905][  0]LogConfig: Setting CVar [[r.MaterialQualityLevel:1 ; High quality]]
[2019.11.13-02.34.33:905][  0]LogConfig: Setting CVar [[r.SSS.Scale:1]]
[2019.11.13-02.34.33:905][  0]LogConfig: Setting CVar [[r.SSS.SampleSet:2]]
[2019.11.13-02.34.33:905][  0]LogConfig: Setting CVar [[r.SSS.Quality:1]]
[2019.11.13-02.34.33:905][  0]LogConfig: Setting CVar [[r.SSS.HalfRes:1]]
[2019.11.13-02.34.33:905][  0]LogConfig: Setting CVar [[r.EmitterSpawnRateScale:1.0]]
[2019.11.13-02.34.33:905][  0]LogConfig: Setting CVar [[r.ParticleLightQuality:2]]
[2019.11.13-02.34.33:905][  0]LogConfig: Applying CVar settings from Section [FoliageQuality@3] File [C:/Users/ames/Desktop/Aaron/302/AaronsRolliePollie/RolliePollieV2/Saved/Config/Windows/Scalability.ini]
[2019.11.13-02.34.33:905][  0]LogConfig: Setting CVar [[foliage.DensityScale:1.0]]
[2019.11.13-02.34.33:905][  0]LogConfig: Setting CVar [[grass.DensityScale:1.0]]
[2019.11.13-02.34.33:905][  0]LogConfig: Applying CVar settings from Section [Startup] File [../../../Engine/Config/ConsoleVariables.ini]
[2019.11.13-02.34.33:905][  0]LogConfig: Setting CVar [[net.UseAdaptiveNetUpdateFrequency:0]]
[2019.11.13-02.34.33:905][  0]LogConfig: Setting CVar [[p.chaos.AllowCreatePhysxBodies:1]]
[2019.11.13-02.34.33:905][  0]LogConfig: Applying CVar settings from Section [ConsoleVariables] File [C:/Users/ames/Desktop/Aaron/302/AaronsRolliePollie/RolliePollieV2/Saved/Config/Windows/Engine.ini]
[2019.11.13-02.34.33:905][  0]LogInit: Computer: QUE385-1004-08
[2019.11.13-02.34.33:905][  0]LogInit: User: ames
[2019.11.13-02.34.33:905][  0]LogInit: CPU Page size=4096, Cores=6
[2019.11.13-02.34.33:905][  0]LogInit: High frequency timer resolution =10.000000 MHz
[2019.11.13-02.34.33:905][  0]LogMemory: Memory total: Physical=31.8GB (32GB approx)
[2019.11.13-02.34.33:905][  0]LogMemory: Platform Memory Stats for Windows
[2019.11.13-02.34.33:905][  0]LogMemory: Process Physical Memory: 100.16 MB used, 100.17 MB peak
[2019.11.13-02.34.33:905][  0]LogMemory: Process Virtual Memory: 94.36 MB used, 94.36 MB peak
[2019.11.13-02.34.33:905][  0]LogMemory: Physical Memory: 10141.93 MB used,  22457.36 MB free, 32599.29 MB total
[2019.11.13-02.34.33:905][  0]LogMemory: Virtual Memory: 4679.30 MB used,  134213048.00 MB free, 134217728.00 MB total
[2019.11.13-02.34.33:925][  0]LogInit: Using OS detected language (en-US).
[2019.11.13-02.34.33:925][  0]LogInit: Using OS detected locale (en-NZ).
[2019.11.13-02.34.33:925][  0]LogTextLocalizationManager: No specific localization for 'en-US' exists, so the 'en' localization will be used.
[2019.11.13-02.34.34:050][  0]LogInit: Setting process to per monitor DPI aware
[2019.11.13-02.34.34:082][  0]LogSlate: New Slate User Created.  User Index 0, Is Virtual User: 0
[2019.11.13-02.34.34:082][  0]LogSlate: Slate User Registered.  User Index 0, Is Virtual User: 0
[2019.11.13-02.34.34:233][  0]LogHMD: Failed to initialize OpenVR with code 100
[2019.11.13-02.34.34:233][  0]LogD3D11RHI: D3D11 adapters:
[2019.11.13-02.34.34:304][  0]LogD3D11RHI:    0. 'NVIDIA GeForce GTX 1080' (Feature Level 11_0)
[2019.11.13-02.34.34:304][  0]LogD3D11RHI:       8079/0/16299 MB DedicatedVideo/DedicatedSystem/SharedSystem, Outputs:2, VendorId:0x10de
[2019.11.13-02.34.34:328][  0]LogD3D11RHI:    1. 'Intel(R) UHD Graphics 630' (Feature Level 11_0)
[2019.11.13-02.34.34:328][  0]LogD3D11RHI:       128/0/16299 MB DedicatedVideo/DedicatedSystem/SharedSystem, Outputs:0, VendorId:0x8086
[2019.11.13-02.34.34:330][  0]LogD3D11RHI:    2. 'Microsoft Basic Render Driver' (Feature Level 11_0)
[2019.11.13-02.34.34:330][  0]LogD3D11RHI:       0/0/16299 MB DedicatedVideo/DedicatedSystem/SharedSystem, Outputs:0, VendorId:0x1414
[2019.11.13-02.34.34:330][  0]LogD3D11RHI: Chosen D3D11 Adapter: 0
[2019.11.13-02.34.34:337][  0]LogD3D11RHI: Creating new Direct3DDevice
[2019.11.13-02.34.34:337][  0]LogD3D11RHI:     GPU DeviceId: 0x1b80 (for the marketing name, search the web for "GPU Device Id")
[2019.11.13-02.34.34:337][  0]LogWindows: EnumDisplayDevices:
[2019.11.13-02.34.34:337][  0]LogWindows:    0. 'NVIDIA GeForce GTX 1080' (P:1 D:1)
[2019.11.13-02.34.34:337][  0]LogWindows:    1. 'NVIDIA GeForce GTX 1080' (P:0 D:1)
[2019.11.13-02.34.34:337][  0]LogWindows:    2. 'NVIDIA GeForce GTX 1080' (P:0 D:0)
[2019.11.13-02.34.34:337][  0]LogWindows:    3. 'NVIDIA GeForce GTX 1080' (P:0 D:0)
[2019.11.13-02.34.34:338][  0]LogWindows:    4. 'Intel(R) UHD Graphics 630' (P:0 D:0)
[2019.11.13-02.34.34:338][  0]LogWindows:    5. 'Intel(R) UHD Graphics 630' (P:0 D:0)
[2019.11.13-02.34.34:338][  0]LogWindows:    6. 'Intel(R) UHD Graphics 630' (P:0 D:0)
[2019.11.13-02.34.34:338][  0]LogWindows: DebugString: PrimaryIsNotTheChoosenAdapter PrimaryIsNotTheChoosenAdapter PrimaryIsNotTheChoosenAdapter FoundDriverCount:4 
[2019.11.13-02.34.34:338][  0]LogD3D11RHI:     Adapter Name: NVIDIA GeForce GTX 1080
[2019.11.13-02.34.34:338][  0]LogD3D11RHI:   Driver Version: 436.02 (internal:26.21.14.3602, unified:436.02)
[2019.11.13-02.34.34:338][  0]LogD3D11RHI:      Driver Date: 8-16-2019
[2019.11.13-02.34.34:338][  0]LogRHI: Texture pool is 5655 MB (70% of 8079 MB)
[2019.11.13-02.34.34:374][  0]LogD3D11RHI: Async texture creation enabled
[2019.11.13-02.34.34:383][  0]LogRendererCore: FGlobalReadBuffer::InitRHI
[2019.11.13-02.34.34:384][  0]LogRendererCore: FGlobalReadBuffer::InitRHI
[2019.11.13-02.34.34:384][  0]LogRendererCore: FGlobalReadBuffer::InitRHI
[2019.11.13-02.34.34:392][  0]LogD3D11RHI: GPU Timing Frequency: 1000.000000 (Debug: 2 1)
[2019.11.13-02.34.34:724][  0]LogTemp: Display: Module 'AllDesktopTargetPlatform' loaded TargetPlatform 'AllDesktop'
[2019.11.13-02.34.34:739][  0]LogTemp: Display: Module 'MacClientTargetPlatform' loaded TargetPlatform 'MacClient'
[2019.11.13-02.34.34:750][  0]LogTemp: Display: Module 'MacNoEditorTargetPlatform' loaded TargetPlatform 'MacNoEditor'
[2019.11.13-02.34.34:761][  0]LogTemp: Display: Module 'MacServerTargetPlatform' loaded TargetPlatform 'MacServer'
[2019.11.13-02.34.34:772][  0]LogTemp: Display: Module 'MacTargetPlatform' loaded TargetPlatform 'Mac'
[2019.11.13-02.34.34:782][  0]LogTemp: Display: Module 'WindowsClientTargetPlatform' loaded TargetPlatform 'WindowsClient'
[2019.11.13-02.34.34:793][  0]LogTemp: Display: Module 'WindowsNoEditorTargetPlatform' loaded TargetPlatform 'WindowsNoEditor'
[2019.11.13-02.34.34:804][  0]LogTemp: Display: Module 'WindowsServerTargetPlatform' loaded TargetPlatform 'WindowsServer'
[2019.11.13-02.34.34:809][  0]LogTemp: Display: Module 'WindowsTargetPlatform' loaded TargetPlatform 'Windows'
[2019.11.13-02.34.34:872][  0]LogTemp: Display: Module 'AndroidTargetPlatform' loaded TargetPlatform 'Android'
[2019.11.13-02.34.34:872][  0]LogTemp: Display: Module 'AndroidTargetPlatform' loaded TargetPlatform 'Android_ASTC'
[2019.11.13-02.34.34:872][  0]LogTemp: Display: Module 'AndroidTargetPlatform' loaded TargetPlatform 'Android_ATC'
[2019.11.13-02.34.34:872][  0]LogTemp: Display: Module 'AndroidTargetPlatform' loaded TargetPlatform 'Android_DXT'
[2019.11.13-02.34.34:872][  0]LogTemp: Display: Module 'AndroidTargetPlatform' loaded TargetPlatform 'Android_ETC1'
[2019.11.13-02.34.34:872][  0]LogTemp: Display: Module 'AndroidTargetPlatform' loaded TargetPlatform 'Android_ETC1a'
[2019.11.13-02.34.34:872][  0]LogTemp: Display: Module 'AndroidTargetPlatform' loaded TargetPlatform 'Android_ETC2'
[2019.11.13-02.34.34:872][  0]LogTemp: Display: Module 'AndroidTargetPlatform' loaded TargetPlatform 'Android_PVRTC'
[2019.11.13-02.34.34:872][  0]LogTemp: Display: Module 'AndroidTargetPlatform' loaded TargetPlatform 'AndroidClient'
[2019.11.13-02.34.34:872][  0]LogTemp: Display: Module 'AndroidTargetPlatform' loaded TargetPlatform 'Android_ASTCClient'
[2019.11.13-02.34.34:872][  0]LogTemp: Display: Module 'AndroidTargetPlatform' loaded TargetPlatform 'Android_ATCClient'
[2019.11.13-02.34.34:872][  0]LogTemp: Display: Module 'AndroidTargetPlatform' loaded TargetPlatform 'Android_DXTClient'
[2019.11.13-02.34.34:872][  0]LogTemp: Display: Module 'AndroidTargetPlatform' loaded TargetPlatform 'Android_ETC1Client'
[2019.11.13-02.34.34:872][  0]LogTemp: Display: Module 'AndroidTargetPlatform' loaded TargetPlatform 'Android_ETC1aClient'
[2019.11.13-02.34.34:872][  0]LogTemp: Display: Module 'AndroidTargetPlatform' loaded TargetPlatform 'Android_ETC2Client'
[2019.11.13-02.34.34:872][  0]LogTemp: Display: Module 'AndroidTargetPlatform' loaded TargetPlatform 'Android_PVRTCClient'
[2019.11.13-02.34.34:872][  0]LogTemp: Display: Module 'AndroidTargetPlatform' loaded TargetPlatform 'Android_Multi'
[2019.11.13-02.34.34:872][  0]LogTemp: Display: Module 'AndroidTargetPlatform' loaded TargetPlatform 'Android_MultiClient'
[2019.11.13-02.34.34:873][  0]LogTemp: Display: Module 'HTML5TargetPlatform' loaded TargetPlatform 'HTML5'
[2019.11.13-02.34.34:916][  0]LogTemp: Display: Module 'IOSTargetPlatform' loaded TargetPlatform 'IOSClient'
[2019.11.13-02.34.34:916][  0]LogTemp: Display: Module 'IOSTargetPlatform' loaded TargetPlatform 'IOS'
[2019.11.13-02.34.34:934][  0]LogTemp: Display: Module 'TVOSTargetPlatform' loaded TargetPlatform 'TVOSClient'
[2019.11.13-02.34.34:934][  0]LogTemp: Display: Module 'TVOSTargetPlatform' loaded TargetPlatform 'TVOS'
[2019.11.13-02.34.34:944][  0]LogTemp: Display: Module 'LinuxClientTargetPlatform' loaded TargetPlatform 'LinuxClient'
[2019.11.13-02.34.34:954][  0]LogTemp: Display: Module 'LinuxNoEditorTargetPlatform' loaded TargetPlatform 'LinuxNoEditor'
[2019.11.13-02.34.34:963][  0]LogTemp: Display: Module 'LinuxServerTargetPlatform' loaded TargetPlatform 'LinuxServer'
[2019.11.13-02.34.34:973][  0]LogTemp: Display: Module 'LinuxTargetPlatform' loaded TargetPlatform 'Linux'
[2019.11.13-02.34.35:007][  0]LogTemp: Display: Module 'LuminTargetPlatform' loaded TargetPlatform 'Lumin'
[2019.11.13-02.34.35:007][  0]LogTemp: Display: Module 'LuminTargetPlatform' loaded TargetPlatform 'LuminClient'
[2019.11.13-02.34.35:007][  0]LogTargetPlatformManager: Display: Building Assets For Windows
[2019.11.13-02.34.35:014][  0]LogAudioDebug: Display: Lib vorbis DLL was dynamically loaded.
[2019.11.13-02.34.35:050][  0]LogShaderCompilers: Guid format shader working directory is -38 characters bigger than the processId version (../../../../../../../Users/ames/Desktop/Aaron/302/AaronsRolliePollie/RolliePollieV2/Intermediate/Shaders/WorkingDirectory/6684/).
[2019.11.13-02.34.35:050][  0]LogShaderCompilers: Cleaned the shader compiler working directory 'C:/Users/ames/AppData/Local/Temp/UnrealShaderWorkingDir/43B5EC5A493C969391176B87D9950040/'.
[2019.11.13-02.34.35:052][  0]LogXGEController: Cleaning working directory: C:/Users/ames/AppData/Local/Temp/UnrealXGEWorkingDir/
[2019.11.13-02.34.35:063][  0]LogShaderCompilers: Display: Using XGE Shader Compiler (Interception Interface).
[2019.11.13-02.34.35:484][  0]LogDerivedDataCache: Display: Max Cache Size: 512 MB
[2019.11.13-02.34.35:520][  0]LogDerivedDataCache: Loaded boot cache 0.04s 71MB C:/Users/ames/AppData/Local/UnrealEngine/4.22/DerivedDataCache/Boot.ddc.
[2019.11.13-02.34.35:520][  0]LogDerivedDataCache: Display: Loaded Boot cache: C:/Users/ames/AppData/Local/UnrealEngine/4.22/DerivedDataCache/Boot.ddc
[2019.11.13-02.34.35:520][  0]LogDerivedDataCache: FDerivedDataBackendGraph:  Pak pak cache file ../../../../../../../Users/ames/Desktop/Aaron/302/AaronsRolliePollie/RolliePollieV2/DerivedDataCache/DDC.ddp not found, will not use a pak cache.
[2019.11.13-02.34.35:520][  0]LogDerivedDataCache: Unable to find inner node Pak for hierarchical cache Hierarchy.
[2019.11.13-02.34.35:520][  0]LogDerivedDataCache: FDerivedDataBackendGraph:  CompressedPak pak cache file ../../../../../../../Users/ames/Desktop/Aaron/302/AaronsRolliePollie/RolliePollieV2/DerivedDataCache/Compressed.ddp not found, will not use a pak cache.
[2019.11.13-02.34.35:520][  0]LogDerivedDataCache: Unable to find inner node CompressedPak for hierarchical cache Hierarchy.
[2019.11.13-02.34.35:530][  0]LogDerivedDataCache: Display: Pak cache opened for reading ../../../Engine/DerivedDataCache/Compressed.ddp.
[2019.11.13-02.34.35:530][  0]LogDerivedDataCache: FDerivedDataBackendGraph:  EnterprisePak pak cache file ../../../Enterprise/DerivedDataCache/Compressed.ddp not found, will not use a pak cache.
[2019.11.13-02.34.35:530][  0]LogDerivedDataCache: Unable to find inner node EnterprisePak for hierarchical cache Hierarchy.
[2019.11.13-02.34.35:543][  0]LogDerivedDataCache: Using Local data cache path C:/Users/ames/AppData/Local/UnrealEngine/Common/DerivedDataCache: Writable
[2019.11.13-02.34.35:543][  0]LogDerivedDataCache: Shared data cache path not found in *engine.ini, will not use an Shared cache.
[2019.11.13-02.34.35:543][  0]LogDerivedDataCache: Unable to find inner node Shared for hierarchical cache Hierarchy.
[2019.11.13-02.34.35:560][  0]LogMaterial: Verifying Global Shaders for PCD3D_SM5
[2019.11.13-02.34.35:561][  0]LogSlate: Using FreeType 2.6.0
[2019.11.13-02.34.35:561][  0]LogSlate: SlateFontServices - WITH_FREETYPE: 1, WITH_HARFBUZZ: 1
[2019.11.13-02.34.35:631][  0]LogAssetRegistry: FAssetRegistry took 0.0311 seconds to start up
[2019.11.13-02.34.35:882][  0]LogInit: Selected Device Profile: [Windows]
[2019.11.13-02.34.35:981][  0]LogMeshReduction: Using QuadricMeshReduction for automatic static mesh reduction
[2019.11.13-02.34.35:981][  0]LogMeshReduction: Using SimplygonMeshReduction for automatic skeletal mesh reduction
[2019.11.13-02.34.35:981][  0]LogMeshReduction: Using ProxyLODMeshReduction for automatic mesh merging
[2019.11.13-02.34.35:981][  0]LogMeshReduction: No distributed automatic mesh merging module available
[2019.11.13-02.34.35:981][  0]LogMeshMerging: No distributed automatic mesh merging module available
[2019.11.13-02.34.35:993][  0]LogNetVersion: ROlliePollieV2 1.0.0, NetCL: 5660361, EngineNetVer: 10, GameNetVer: 0 (Checksum: 1440679330)
[2019.11.13-02.34.36:294][  0]LogPackageLocalizationCache: Processed 10 localized package path(s) for 1 prioritized culture(s) in 0.034626 seconds
[2019.11.13-02.34.36:300][  0]LogUObjectArray: 42205 objects as part of root set at end of initial load.
[2019.11.13-02.34.36:300][  0]LogUObjectAllocator: 7325032 out of 0 bytes used by permanent object pool.
[2019.11.13-02.34.36:300][  0]LogUObjectArray: CloseDisregardForGC: 0/0 objects in disregard for GC pool
[2019.11.13-02.34.36:995][  0]LogTcpMessaging: Initializing TcpMessaging bridge
[2019.11.13-02.34.37:008][  0]LogUdpMessaging: Initializing bridge on interface 0.0.0.0:0 to multicast group 230.0.0.1:6666.
[2019.11.13-02.34.37:099][  0]SourceControl: Source control is disabled
[2019.11.13-02.34.37:099][  0]SourceControl: Source control is disabled
[2019.11.13-02.34.37:100][  0]SourceControl: Source control is disabled
[2019.11.13-02.34.37:101][  0]SourceControl: Source control is disabled
[2019.11.13-02.34.37:156][  0]LogAndroidPermission: UAndroidPermissionCallbackProxy::GetInstance
[2019.11.13-02.34.37:254][  0]LogOcInput: OculusInput pre-init called
[2019.11.13-02.34.37:818][  0]LogEngine: Initializing Engine...
[2019.11.13-02.34.37:818][  0]LogHMD: Failed to initialize OpenVR with code 100
[2019.11.13-02.34.37:819][  0]LogStats: UGameplayTagsManager::InitializeManager -  0.000 s
[2019.11.13-02.34.37:974][  0]LogInit: Initializing FReadOnlyCVARCache
[2019.11.13-02.34.37:984][  0]LogAIModule: Creating AISystem for world Untitled
[2019.11.13-02.34.38:005][  0]LogInit: XAudio2 using 'Headphones (2- Arctis 7 Game)' : 2 channels at 48 kHz using 16 bits per sample (channel mask 0x3)
[2019.11.13-02.34.38:034][  0]LogInit: FAudioDevice initialized.
[2019.11.13-02.34.38:034][  0]LogNetVersion: Set ProjectVersion to 1.0.0.0. Version Checksum will be recalculated on next use.
[2019.11.13-02.34.38:111][  0]LogDerivedDataCache: Saved boot cache 0.08s 71MB C:/Users/ames/AppData/Local/UnrealEngine/4.22/DerivedDataCache/Boot.ddc.
[2019.11.13-02.34.38:115][  0]LogInit: Texture streaming: Enabled
[2019.11.13-02.34.38:129][  0]LogEngineSessionManager: EngineSessionManager initialized
[2019.11.13-02.34.38:144][  0]LogInit: Transaction tracking system initialized
[2019.11.13-02.34.38:162][  0]BlueprintLog: New page: Editor Load
[2019.11.13-02.34.38:222][  0]LocalizationService: Localization service is disabled
[2019.11.13-02.34.38:678][  0]LogFileCache: Scanning file cache for directory 'C:/Users/ames/Desktop/Aaron/302/AaronsRolliePollie/RolliePollieV2/Content/' took 0.02s
[2019.11.13-02.34.38:678][  0]LogCook: Display: Max memory allowance for cook 16384mb min free memory 0mb
[2019.11.13-02.34.38:678][  0]LogCook: Display: Mobile HDR setting 1
[2019.11.13-02.34.38:813][  0]SourceControl: Source control is disabled
[2019.11.13-02.34.38:813][  0]Cmd: MAP LOAD FILE="../../../../../../../Users/ames/Desktop/Aaron/302/AaronsRolliePollie/RolliePollieV2/Content/Maps/MainMenu.umap" TEMPLATE=0 SHOWPROGRESS=1 FEATURELEVEL=3
[2019.11.13-02.34.38:813][  0]LightingResults: New page: Lighting Build
[2019.11.13-02.34.38:815][  0]MapCheck: New page: Map Check
[2019.11.13-02.34.38:815][  0]LightingResults: New page: Lighting Build
[2019.11.13-02.34.38:840][  0]LogUObjectHash: Compacting FUObjectHashTables data took   1.18ms
[2019.11.13-02.34.38:949][  0]LogAIModule: Creating AISystem for world MainMenu
[2019.11.13-02.34.38:950][  0]LogEditorServer: Finished looking for orphan Actors (0.000 secs)
[2019.11.13-02.34.38:974][  0]LogUObjectHash: Compacting FUObjectHashTables data took   1.54ms
[2019.11.13-02.34.38:974][  0]Cmd: MAP CHECKDEP NOCLEARLOG
[2019.11.13-02.34.38:974][  0]MapCheck: Map check complete: 0 Error(s), 0 Warning(s), took 0.122ms to complete.
[2019.11.13-02.34.38:974][  0]LogFileHelpers: Loading map 'MainMenu' took 0.161
[2019.11.13-02.34.39:066][  0]LogSlate: Updating window title bar state: overlay mode, drag disabled, window buttons hidden, title bar hidden
[2019.11.13-02.34.39:070][  0]LogSlate: Updating window title bar state: overlay mode, drag disabled, window buttons hidden, title bar hidden
[2019.11.13-02.34.39:079][  0]LogSlate: Updating window title bar state: overlay mode, drag disabled, window buttons hidden, title bar hidden
[2019.11.13-02.34.39:085][  0]LogSlate: Updating window title bar state: overlay mode, drag disabled, window buttons hidden, title bar hidden
[2019.11.13-02.34.39:090][  0]LogCollectionManager: Loaded 0 collections in 0.001325 seconds
[2019.11.13-02.34.39:117][  0]LogFileCache: Scanning file cache for directory 'C:/Users/ames/Desktop/Aaron/302/AaronsRolliePollie/RolliePollieV2/Saved/Collections/' took 0.01s
[2019.11.13-02.34.39:117][  0]LogFileCache: Scanning file cache for directory 'C:/Users/ames/Desktop/Aaron/302/AaronsRolliePollie/RolliePollieV2/Content/Developers/ames/Collections/' took 0.00s
[2019.11.13-02.34.39:117][  0]LogFileCache: Scanning file cache for directory 'C:/Users/ames/Desktop/Aaron/302/AaronsRolliePollie/RolliePollieV2/Content/Collections/' took 0.01s
[2019.11.13-02.34.39:117][  0]LogCollectionManager: Rebuilt the GUID cache for 0 collections in 0.000000 seconds
[2019.11.13-02.34.39:124][  0]LogContentBrowser: Native class hierarchy populated in 0.0066 seconds. Added 2732 classes and 659 folders.
[2019.11.13-02.34.39:128][  0]LogContentBrowser: Native class hierarchy updated for 'WidgetCarousel' in 0.0002 seconds. Added 0 classes and 0 folders.
[2019.11.13-02.34.39:130][  0]LogPakFile: Registered encryption key '00000000000000000000000000000000': 0 pak files mounted, 0 remain pending
[2019.11.13-02.34.39:130][  0]LogPakFile: Registered encryption key '00000000000000000000000000000000': 0 pak files mounted, 0 remain pending
[2019.11.13-02.34.39:131][  0]LogPakFile: Registered encryption key '00000000000000000000000000000000': 0 pak files mounted, 0 remain pending
[2019.11.13-02.34.39:131][  0]LogPakFile: Registered encryption key '00000000000000000000000000000000': 0 pak files mounted, 0 remain pending
[2019.11.13-02.34.39:131][  0]LogPakFile: Registered encryption key '00000000000000000000000000000000': 0 pak files mounted, 0 remain pending
[2019.11.13-02.34.39:132][  0]LogPakFile: Registered encryption key '00000000000000000000000000000000': 0 pak files mounted, 0 remain pending
[2019.11.13-02.34.39:132][  0]LogPakFile: Registered encryption key '00000000000000000000000000000000': 0 pak files mounted, 0 remain pending
[2019.11.13-02.34.39:132][  0]LogPakFile: Registered encryption key '00000000000000000000000000000000': 0 pak files mounted, 0 remain pending
[2019.11.13-02.34.39:133][  0]LogPakFile: Registered encryption key '00000000000000000000000000000000': 0 pak files mounted, 0 remain pending
[2019.11.13-02.34.39:133][  0]LogPakFile: Registered encryption key '00000000000000000000000000000000': 0 pak files mounted, 0 remain pending
[2019.11.13-02.34.39:134][  0]LogPakFile: Registered encryption key '00000000000000000000000000000000': 0 pak files mounted, 0 remain pending
[2019.11.13-02.34.39:134][  0]LogPakFile: Registered encryption key '00000000000000000000000000000000': 0 pak files mounted, 0 remain pending
[2019.11.13-02.34.39:134][  0]LogPakFile: Registered encryption key '00000000000000000000000000000000': 0 pak files mounted, 0 remain pending
[2019.11.13-02.34.39:135][  0]LogPakFile: Registered encryption key '00000000000000000000000000000000': 0 pak files mounted, 0 remain pending
[2019.11.13-02.34.39:135][  0]LogPakFile: Registered encryption key '00000000000000000000000000000000': 0 pak files mounted, 0 remain pending
[2019.11.13-02.34.39:136][  0]LogPakFile: Registered encryption key '00000000000000000000000000000000': 0 pak files mounted, 0 remain pending
[2019.11.13-02.34.39:136][  0]LogPakFile: Registered encryption key '00000000000000000000000000000000': 0 pak files mounted, 0 remain pending
[2019.11.13-02.34.39:136][  0]LogPakFile: Registered encryption key '00000000000000000000000000000000': 0 pak files mounted, 0 remain pending
[2019.11.13-02.34.39:137][  0]LogPakFile: Registered encryption key '00000000000000000000000000000000': 0 pak files mounted, 0 remain pending
[2019.11.13-02.34.39:137][  0]LogPakFile: Registered encryption key '00000000000000000000000000000000': 0 pak files mounted, 0 remain pending
[2019.11.13-02.34.39:138][  0]LogPakFile: Registered encryption key '00000000000000000000000000000000': 0 pak files mounted, 0 remain pending
[2019.11.13-02.34.39:138][  0]LogPakFile: Registered encryption key '00000000000000000000000000000000': 0 pak files mounted, 0 remain pending
[2019.11.13-02.34.39:138][  0]LogPakFile: Registered encryption key '00000000000000000000000000000000': 0 pak files mounted, 0 remain pending
[2019.11.13-02.34.39:139][  0]LogPakFile: Registered encryption key '00000000000000000000000000000000': 0 pak files mounted, 0 remain pending
[2019.11.13-02.34.39:139][  0]LogPakFile: Registered encryption key '00000000000000000000000000000000': 0 pak files mounted, 0 remain pending
[2019.11.13-02.34.39:140][  0]LogPakFile: Registered encryption key '00000000000000000000000000000000': 0 pak files mounted, 0 remain pending
[2019.11.13-02.34.39:163][  0]LogContentBrowser: Native class hierarchy updated for 'AddContentDialog' in 0.0002 seconds. Added 0 classes and 0 folders.
[2019.11.13-02.34.39:167][  0]LogContentBrowser: Native class hierarchy updated for 'SceneOutliner' in 0.0002 seconds. Added 1 classes and 2 folders.
[2019.11.13-02.34.40:019][  0]LogSlate: Only BGRA pngs, bmps or icos are supported in by External Image Picker
[2019.11.13-02.34.40:036][  0]LogSlate: Took 0.000100 seconds to synchronously load lazily loaded font '../../../Engine/Content/Slate/Fonts/Roboto-Regular.ttf' (155K)
[2019.11.13-02.34.40:038][  0]LogSlate: Took 0.000092 seconds to synchronously load lazily loaded font '../../../Engine/Content/Slate/Fonts/Roboto-Bold.ttf' (160K)
[2019.11.13-02.34.40:045][  0]LogSlate: Took 0.004139 seconds to synchronously load lazily loaded font '../../../Engine/Content/Editor/Slate/Fonts/FontAwesome.ttf' (139K)
[2019.11.13-02.34.40:161][  0]LogContentBrowser: Native class hierarchy updated for 'HierarchicalLODOutliner' in 0.0002 seconds. Added 0 classes and 0 folders.
[2019.11.13-02.34.40:161][  0]LogLoad: (Engine Initialization) Total time: 7.91 seconds
[2019.11.13-02.34.40:161][  0]LogLoad: (Engine Initialization) Total Blueprint compile time: 0.00 seconds
[2019.11.13-02.34.40:264][  0]LogSteamController: SteamController is not available
[2019.11.13-02.34.40:306][  0]LogRenderer: Reallocating scene render targets to support 64x64 Format 10 NumSamples 1 (Frame:1).
[2019.11.13-02.34.40:306][  0]LogAssetRegistry: Asset discovery search completed in 4.6977 seconds
[2019.11.13-02.34.40:308][  0]LogCollectionManager: Rebuilt the object cache for 0 collections in 0.000000 seconds (found 0 objects)
[2019.11.13-02.34.40:308][  0]LogCollectionManager: Fixed up redirectors for 0 collections in 0.000048 seconds (updated 0 objects)
[2019.11.13-02.34.40:309][  0]LogContentStreaming: Texture pool size now 1000 MB
[2019.11.13-02.34.40:374][  0]LogRenderer: Reallocating scene render targets to support 1284x480 Format 10 NumSamples 1 (Frame:1).
[2019.11.13-02.34.40:374][  0]LogSlate: Took 0.000085 seconds to synchronously load lazily loaded font '../../../Engine/Content/Slate/Fonts/Roboto-Light.ttf' (167K)
[2019.11.13-02.34.40:390][  1]LogFileCache: Retrieving MD5 hashes for directory 'C:/Users/ames/Desktop/Aaron/302/AaronsRolliePollie/RolliePollieV2/Content/' took 0.11s
[2019.11.13-02.34.41:183][ 93]LogSlate: Took 0.000112 seconds to synchronously load lazily loaded font '../../../Engine/Content/Slate/Fonts/Roboto-Light.ttf' (167K)
[2019.11.13-02.34.42:343][231]LogSlate: FSceneViewport::OnFocusLost() reason 0
[2019.11.13-02.34.42:783][250]LogAIModule: Creating AISystem for world Fantasy
[2019.11.13-02.34.42:785][250]LogMaterial: Warning: Material /Game/FantasyVillage/Materials/M_Grass.M_Grass needed to have new flag set bUsedWithInstancedStaticMeshes !
[2019.11.13-02.34.42:792][250]LogMaterial: Display: Missing cached shader map for material M_Grass, compiling. 
[2019.11.13-02.34.42:885][250]MapCheck: Warning: M_Grass Material /Game/FantasyVillage/Materials/M_Grass.M_Grass was missing the usage flag bUsedWithInstancedStaticMeshes. If the material asset is not re-saved, it may not render correctly when run outside the editor. Fix
[2019.11.13-02.34.42:903][250]LogAssetEditorManager: Opening Asset editor for World /Game/Maps/Fantasy.Fantasy
[2019.11.13-02.34.42:930][250]LogUObjectHash: Compacting FUObjectHashTables data took   1.48ms
[2019.11.13-02.34.42:931][250]Cmd: MAP LOAD FILE="../../../../../../../Users/ames/Desktop/Aaron/302/AaronsRolliePollie/RolliePollieV2/Content/Maps/Fantasy.umap" TEMPLATE=0 SHOWPROGRESS=1 FEATURELEVEL=3
[2019.11.13-02.34.42:931][250]LightingResults: New page: Lighting Build
[2019.11.13-02.34.42:931][250]LoadErrors: New page: Loading map: Fantasy.umap
[2019.11.13-02.34.42:932][250]MapCheck: New page: Map Check
[2019.11.13-02.34.42:932][250]LightingResults: New page: Lighting Build
[2019.11.13-02.34.42:954][250]LogUObjectHash: Compacting FUObjectHashTables data took   1.45ms
[2019.11.13-02.34.43:018][250]LogEditorServer: Finished looking for orphan Actors (0.000 secs)
[2019.11.13-02.34.43:044][250]LogUObjectHash: Compacting FUObjectHashTables data took   1.19ms
[2019.11.13-02.34.43:064][250]Cmd: MAP CHECKDEP NOCLEARLOG
[2019.11.13-02.34.43:064][250]MapCheck: Map check complete: 0 Error(s), 0 Warning(s), took 0.11ms to complete.
[2019.11.13-02.34.43:064][250]LogFileHelpers: Loading map 'Fantasy' took 0.135
[2019.11.13-02.35.01:656][465]LogSlate: Window 'Project Settings' being destroyed
[2019.11.13-05.27.06:152][596]LogUObjectHash: Compacting FUObjectHashTables data took   0.61ms
[2019.11.13-05.27.06:208][596]LogSlate: Window 'ROlliePollieV2 - Unreal Editor' being destroyed
[2019.11.13-05.27.06:400][597]Cmd: QUIT_EDITOR
[2019.11.13-05.27.06:426][597]LogWindowsTextInputMethodSystem: Display: IME system now deactivated.
[2019.11.13-05.27.06:434][597]LogExit: Preparing to exit.
[2019.11.13-05.27.07:355][597]LogExit: Editor shut down
[2019.11.13-05.27.07:356][597]LogExit: Transaction tracking system shut down
[2019.11.13-05.27.07:509][597]LogExit: Object subsystem successfully closed.
[2019.11.13-05.27.07:532][597]LogShaderCompilers: Display: Shaders left to compile 0
[2019.11.13-05.27.07:534][597]LogD3D11RHI: Shutdown
[2019.11.13-05.27.07:534][597]LogD3D11RHI: CleanupD3DDevice
[2019.11.13-05.27.07:535][597]LogRendererCore: FGlobalReadBuffer::ReleaseRHI
[2019.11.13-05.27.07:535][597]LogRendererCore: FGlobalDynamicReadBuffer::Cleanup()
[2019.11.13-05.27.07:535][597]LogRendererCore: FGlobalReadBuffer::ReleaseRHI
[2019.11.13-05.27.07:535][597]LogRendererCore: FGlobalDynamicReadBuffer::Cleanup()
[2019.11.13-05.27.07:535][597]LogRendererCore: FGlobalReadBuffer::ReleaseRHI
[2019.11.13-05.27.07:535][597]LogRendererCore: FGlobalDynamicReadBuffer::Cleanup()
[2019.11.13-05.27.07:610][597]LogD3D11RHI: ~FD3D11DynamicRHI
[2019.11.13-05.27.07:628][597]LogModuleManager: Shutting down and abandoning module HierarchicalLODOutliner (647)
[2019.11.13-05.27.07:629][597]LogModuleManager: Shutting down and abandoning module ExternalImagePicker (645)
[2019.11.13-05.27.07:629][597]LogModuleManager: Shutting down and abandoning module SceneOutliner (643)
[2019.11.13-05.27.07:629][597]LogModuleManager: Shutting down and abandoning module AddContentDialog (641)
[2019.11.13-05.27.07:629][597]LogModuleManager: Shutting down and abandoning module WidgetCarousel (640)
[2019.11.13-05.27.07:629][597]LogModuleManager: Shutting down and abandoning module EditorWidgets (637)
[2019.11.13-05.27.07:629][597]LogModuleManager: Shutting down and abandoning module CollectionManager (635)
[2019.11.13-05.27.07:629][597]LogModuleManager: Shutting down and abandoning module StatsViewer (633)
[2019.11.13-05.27.07:629][597]LogModuleManager: Shutting down and abandoning module FoliageEdit (631)
[2019.11.13-05.27.07:629][597]LogModuleManager: Shutting down and abandoning module LandscapeEditor (629)
[2019.11.13-05.27.07:629][597]LogModuleManager: Shutting down and abandoning module MeshPaintMode (627)
[2019.11.13-05.27.07:629][597]LogModuleManager: Shutting down and abandoning module SceneDepthPickerMode (625)
[2019.11.13-05.27.07:629][597]LogModuleManager: Shutting down and abandoning module ActorPickerMode (623)
[2019.11.13-05.27.07:629][597]LogModuleManager: Shutting down and abandoning module GeometryMode (621)
[2019.11.13-05.27.07:629][597]LogModuleManager: Shutting down and abandoning module TextureAlignMode (619)
[2019.11.13-05.27.07:629][597]LogModuleManager: Shutting down and abandoning module BspMode (617)
[2019.11.13-05.27.07:629][597]LogModuleManager: Shutting down and abandoning module PIEPreviewDeviceProfileSelector (615)
[2019.11.13-05.27.07:629][597]LogModuleManager: Shutting down and abandoning module SequenceRecorderSections (613)
[2019.11.13-05.27.07:629][597]LogModuleManager: Shutting down and abandoning module AutomationWorker (611)
[2019.11.13-05.27.07:629][597]LogModuleManager: Shutting down and abandoning module OculusMR (609)
[2019.11.13-05.27.07:629][597]LogModuleManager: Shutting down and abandoning module AudioCaptureEditor (607)
[2019.11.13-05.27.07:629][597]LogModuleManager: Shutting down and abandoning module MatineeToLevelSequence (605)
[2019.11.13-05.27.07:629][597]LogModuleManager: Shutting down and abandoning module LevelSequenceEditor (603)
[2019.11.13-05.27.07:629][597]LogModuleManager: Shutting down and abandoning module PlacementMode (602)
[2019.11.13-05.27.07:629][597]LogModuleManager: Shutting down and abandoning module MaterialEditor (601)
[2019.11.13-05.27.07:629][597]LogModuleManager: Shutting down and abandoning module ActorSequenceEditor (597)
[2019.11.13-05.27.07:629][597]LogModuleManager: Shutting down and abandoning module WmfMediaFactory (595)
[2019.11.13-05.27.07:629][597]LogModuleManager: Shutting down and abandoning module WmfMediaEditor (593)
[2019.11.13-05.27.07:629][597]LogModuleManager: Shutting down and abandoning module WebMMediaFactory (591)
[2019.11.13-05.27.07:629][597]LogModuleManager: Shutting down and abandoning module WebMMediaEditor (589)
[2019.11.13-05.27.07:629][597]LogModuleManager: Shutting down and abandoning module WebMMedia (587)
[2019.11.13-05.27.07:629][597]LogModuleManager: Shutting down and abandoning module MediaPlayerEditor (585)
[2019.11.13-05.27.07:630][597]LogModuleManager: Shutting down and abandoning module MediaCompositingEditor (583)
[2019.11.13-05.27.07:630][597]LogModuleManager: Shutting down and abandoning module SequenceRecorder (582)
[2019.11.13-05.27.07:630][597]LogModuleManager: Shutting down and abandoning module OpenExrWrapper (579)
[2019.11.13-05.27.07:630][597]LogModuleManager: Shutting down and abandoning module ImgMediaFactory (577)
[2019.11.13-05.27.07:630][597]LogModuleManager: Shutting down and abandoning module ImgMediaEditor (575)
[2019.11.13-05.27.07:630][597]LogModuleManager: Shutting down and abandoning module AvfMediaFactory (573)
[2019.11.13-05.27.07:630][597]LogModuleManager: Shutting down and abandoning module AvfMediaEditor (571)
[2019.11.13-05.27.07:630][597]LogModuleManager: Shutting down and abandoning module AndroidMediaFactory (569)
[2019.11.13-05.27.07:630][597]LogModuleManager: Shutting down and abandoning module AndroidMediaEditor (567)
[2019.11.13-05.27.07:630][597]LogModuleManager: Shutting down and abandoning module MagicLeapCameraPreviewFactory (565)
[2019.11.13-05.27.07:630][597]LogModuleManager: Shutting down and abandoning module MagicLeapMediaCodecFactory (563)
[2019.11.13-05.27.07:630][597]LogModuleManager: Shutting down and abandoning module MagicLeapMediaFactory (561)
[2019.11.13-05.27.07:630][597]LogModuleManager: Shutting down and abandoning module MagicLeapMediaEditor (559)
[2019.11.13-05.27.07:630][597]LogModuleManager: Shutting down and abandoning module CharacterAI (557)
[2019.11.13-05.27.07:630][597]LogModuleManager: Shutting down and abandoning module SmartSnapping (555)
[2019.11.13-05.27.07:630][597]LogModuleManager: Shutting down and abandoning module SessionServices (553)
[2019.11.13-05.27.07:630][597]LogModuleManager: Shutting down and abandoning module MeshPaint (551)
[2019.11.13-05.27.07:630][597]LogModuleManager: Shutting down and abandoning module ViewportSnapping (549)
[2019.11.13-05.27.07:630][597]LogModuleManager: Shutting down and abandoning module ViewportInteraction (547)
[2019.11.13-05.27.07:630][597]LogModuleManager: Shutting down and abandoning module ClothPainter (545)
[2019.11.13-05.27.07:630][597]LogModuleManager: Shutting down and abandoning module SkeletalMeshEditor (544)
[2019.11.13-05.27.07:630][597]LogModuleManager: Shutting down and abandoning module LogVisualizer (541)
[2019.11.13-05.27.07:630][597]LogModuleManager: Shutting down and abandoning module IntroTutorials (539)
[2019.11.13-05.27.07:630][597]LogModuleManager: Shutting down and abandoning module GameProjectGeneration (538)
[2019.11.13-05.27.07:630][597]LogModuleManager: Shutting down and abandoning module LuminPlatformEditor (535)
[2019.11.13-05.27.07:630][597]LogModuleManager: Shutting down and abandoning module IOSPlatformEditor (533)
[2019.11.13-05.27.07:630][597]LogModuleManager: Shutting down and abandoning module HTML5PlatformEditor (531)
[2019.11.13-05.27.07:630][597]LogModuleManager: Shutting down and abandoning module AndroidPlatformEditor (529)
[2019.11.13-05.27.07:630][597]LogModuleManager: Shutting down and abandoning module AndroidDeviceDetection (528)
[2019.11.13-05.27.08:283][597]LogModuleManager: Shutting down and abandoning module WindowsPlatformEditor (525)
[2019.11.13-05.27.08:283][597]LogModuleManager: Shutting down and abandoning module LuminRuntimeSettings (523)
[2019.11.13-05.27.08:283][597]LogModuleManager: Shutting down and abandoning module IOSRuntimeSettings (521)
[2019.11.13-05.27.08:283][597]LogModuleManager: Shutting down and abandoning module AndroidRuntimeSettings (519)
[2019.11.13-05.27.08:283][597]LogModuleManager: Shutting down and abandoning module TimeManagementEditor (517)
[2019.11.13-05.27.08:283][597]LogModuleManager: Shutting down and abandoning module InputBindingEditor (515)
[2019.11.13-05.27.08:283][597]LogModuleManager: Shutting down and abandoning module MergeActors (513)
[2019.11.13-05.27.08:283][597]LogModuleManager: Shutting down and abandoning module LocalizationDashboard (511)
[2019.11.13-05.27.08:283][597]LogModuleManager: Shutting down and abandoning module LocalizationService (510)
[2019.11.13-05.27.08:283][597]LogModuleManager: Shutting down and abandoning module HardwareTargeting (507)
[2019.11.13-05.27.08:283][597]LogModuleManager: Shutting down and abandoning module DeviceProfileEditor (505)
[2019.11.13-05.27.08:283][597]LogModuleManager: Shutting down and abandoning module UndoHistory (503)
[2019.11.13-05.27.08:283][597]LogModuleManager: Shutting down and abandoning module XmlParser (501)
[2019.11.13-05.27.08:283][597]LogModuleManager: Shutting down and abandoning module Blutility (499)
[2019.11.13-05.27.08:283][597]LogModuleManager: Shutting down and abandoning module ProjectSettingsViewer (497)
[2019.11.13-05.27.08:283][597]LogModuleManager: Shutting down and abandoning module ProjectTargetPlatformEditor (496)
[2019.11.13-05.27.08:284][597]LogModuleManager: Shutting down and abandoning module EditorSettingsViewer (493)
[2019.11.13-05.27.08:284][597]LogModuleManager: Shutting down and abandoning module SettingsEditor (491)
[2019.11.13-05.27.08:284][597]LogModuleManager: Shutting down and abandoning module ProjectLauncher (489)
[2019.11.13-05.27.08:284][597]LogModuleManager: Shutting down and abandoning module SessionFrontend (487)
[2019.11.13-05.27.08:284][597]LogModuleManager: Shutting down and abandoning module ProfilerClient (485)
[2019.11.13-05.27.08:284][597]LogModuleManager: Shutting down and abandoning module DeviceManager (483)
[2019.11.13-05.27.08:284][597]LogModuleManager: Shutting down and abandoning module TargetDeviceServices (482)
[2019.11.13-05.27.08:339][597]LogModuleManager: Shutting down and abandoning module AutomationController (479)
[2019.11.13-05.27.08:339][597]LogModuleManager: Shutting down and abandoning module AutomationWindow (477)
[2019.11.13-05.27.08:339][597]LogModuleManager: Shutting down and abandoning module Layers (475)
[2019.11.13-05.27.08:339][597]LogModuleManager: Shutting down and abandoning module ComponentVisualizers (473)
[2019.11.13-05.27.08:339][597]LogModuleManager: Shutting down and abandoning module DetailCustomizations (471)
[2019.11.13-05.27.08:339][597]LogModuleManager: Shutting down and abandoning module PackagesDialog (469)
[2019.11.13-05.27.08:339][597]LogModuleManager: Shutting down and abandoning module AnimationBlueprintEditor (467)
[2019.11.13-05.27.08:339][597]LogModuleManager: Shutting down and abandoning module Persona (465)
[2019.11.13-05.27.08:339][597]LogModuleManager: Shutting down and abandoning module AdvancedPreviewScene (464)
[2019.11.13-05.27.08:339][597]LogModuleManager: Shutting down and abandoning module AnimGraph (462)
[2019.11.13-05.27.08:339][597]LogModuleManager: Shutting down and abandoning module Kismet (459)
[2019.11.13-05.27.08:339][597]LogModuleManager: Shutting down and abandoning module GraphEditor (457)
[2019.11.13-05.27.08:339][597]LogModuleManager: Shutting down and abandoning module ClassViewer (455)
[2019.11.13-05.27.08:339][597]LogModuleManager: Shutting down and abandoning module Toolbox (453)
[2019.11.13-05.27.08:339][597]LogModuleManager: Shutting down and abandoning module ModuleUI (451)
[2019.11.13-05.27.08:339][597]LogModuleManager: Shutting down and abandoning module MovieSceneTools (449)
[2019.11.13-05.27.08:339][597]LogModuleManager: Shutting down and abandoning module OutputLog (447)
[2019.11.13-05.27.08:339][597]LogModuleManager: Shutting down and abandoning module GammaUI (445)
[2019.11.13-05.27.08:339][597]LogModuleManager: Shutting down and abandoning module Documentation (443)
[2019.11.13-05.27.08:339][597]LogModuleManager: Shutting down and abandoning module LiveCoding (441)
[2019.11.13-05.27.08:339][597]LogModuleManager: Shutting down and abandoning module LevelSequence (439)
[2019.11.13-05.27.08:339][597]LogModuleManager: Shutting down and abandoning module MovieSceneTracks (437)
[2019.11.13-05.27.08:339][597]LogModuleManager: Shutting down and abandoning module MovieScene (435)
[2019.11.13-05.27.08:339][597]LogModuleManager: Shutting down and abandoning module StreamingPauseRendering (433)
[2019.11.13-05.27.08:339][597]LogModuleManager: Shutting down and abandoning module LauncherPlatform (431)
[2019.11.13-05.27.08:339][597]LogModuleManager: Shutting down and abandoning module AnalyticsET (429)
[2019.11.13-05.27.08:340][597]LogModuleManager: Shutting down and abandoning module PortalServices (427)
[2019.11.13-05.27.08:340][597]LogModuleManager: Shutting down and abandoning module PortalRpc (425)
[2019.11.13-05.27.08:340][597]LogModuleManager: Shutting down and abandoning module MessagingRpc (423)
[2019.11.13-05.27.08:340][597]LogModuleManager: Shutting down and abandoning module AIModule (421)
[2019.11.13-05.27.08:340][597]LogModuleManager: Shutting down and abandoning module GameplayDebugger (420)
[2019.11.13-05.27.08:340][597]LogModuleManager: Shutting down and abandoning module AITestSuite (418)
[2019.11.13-05.27.08:340][597]LogModuleManager: Shutting down and abandoning module NavigationSystem (416)
[2019.11.13-05.27.08:340][597]LogModuleManager: Shutting down and abandoning module DesktopPlatform (413)
[2019.11.13-05.27.08:340][597]LogModuleManager: Shutting down and abandoning module ImageWriteQueue (411)
[2019.11.13-05.27.08:343][597]LogModuleManager: Shutting down and abandoning module ProfilerService (409)
[2019.11.13-05.27.08:530][597]LogModuleManager: Shutting down and abandoning module TaskGraph (407)
[2019.11.13-05.27.08:530][597]LogModuleManager: Shutting down and abandoning module SteamVRController (405)
[2019.11.13-05.27.08:530][597]LogModuleManager: Shutting down and abandoning module SteamController (403)
[2019.11.13-05.27.08:530][597]LogModuleManager: Shutting down and abandoning module ProceduralMeshComponentEditor (401)
[2019.11.13-05.27.08:530][597]LogModuleManager: Shutting down and abandoning module ProceduralMeshComponent (399)
[2019.11.13-05.27.08:530][597]LogModuleManager: Shutting down and abandoning module OculusEditor (397)
[2019.11.13-05.27.08:530][597]LogModuleManager: Shutting down and abandoning module OculusInput (395)
[2019.11.13-05.27.08:530][597]LogModuleManager: Shutting down and abandoning module MobilePatchingUtils (393)
[2019.11.13-05.27.08:530][597]LogModuleManager: Shutting down and abandoning module EditableMesh (391)
[2019.11.13-05.27.08:530][597]LogModuleManager: Shutting down and abandoning module CustomMeshComponent (389)
[2019.11.13-05.27.08:530][597]LogModuleManager: Shutting down and abandoning module CableComponent (387)
[2019.11.13-05.27.08:530][597]LogModuleManager: Shutting down and abandoning module AudioCapture (385)
[2019.11.13-05.27.08:530][597]LogModuleManager: Shutting down and abandoning module ArchVisCharacter (383)
[2019.11.13-05.27.08:530][597]LogModuleManager: Shutting down and abandoning module AndroidPermission (381)
[2019.11.13-05.27.08:530][597]LogModuleManager: Shutting down and abandoning module NUTUnrealEngine4 (379)
[2019.11.13-05.27.08:530][597]LogModuleManager: Shutting down and abandoning module NetcodeUnitTest (377)
[2019.11.13-05.27.08:530][597]LogModuleManager: Shutting down and abandoning module MediaCompositing (375)
[2019.11.13-05.27.08:530][597]LogModuleManager: Shutting down and abandoning module LinearTimecode (373)
[2019.11.13-05.27.08:530][597]LogModuleManager: Shutting down and abandoning module ImgMedia (371)
[2019.11.13-05.27.08:531][597]LogModuleManager: Shutting down and abandoning module MagicLeapHelperVulkan (369)
[2019.11.13-05.27.08:531][597]LogModuleManager: Shutting down and abandoning module MagicLeapHelperOpenGL (367)
[2019.11.13-05.27.08:531][597]LogModuleManager: Shutting down and abandoning module MagicLeapAudio (365)
[2019.11.13-05.27.08:531][597]LogModuleManager: Shutting down and abandoning module HTML5Networking (363)
[2019.11.13-05.27.08:531][597]LogModuleManager: Shutting down and abandoning module GeometryCacheTracks (361)
[2019.11.13-05.27.08:531][597]LogModuleManager: Shutting down and abandoning module GeometryCacheSequencer (359)
[2019.11.13-05.27.08:531][597]LogModuleManager: Shutting down and abandoning module BackChannel (357)
[2019.11.13-05.27.08:531][597]LogModuleManager: Shutting down and abandoning module AppleVision (355)
[2019.11.13-05.27.08:531][597]LogModuleManager: Shutting down and abandoning module AppleImageUtilsBlueprintSupport (353)
[2019.11.13-05.27.08:531][597]LogModuleManager: Shutting down and abandoning module AppleImageUtils (351)
[2019.11.13-05.27.08:531][597]LogModuleManager: Shutting down and abandoning module AlembicImporter (349)
[2019.11.13-05.27.08:531][597]LogModuleManager: Shutting down and abandoning module AlembicLibrary (348)
[2019.11.13-05.27.08:531][597]LogModuleManager: Shutting down and abandoning module GeometryCache (347)
[2019.11.13-05.27.08:531][597]LogModuleManager: Shutting down and abandoning module GeometryCacheEd (346)
[2019.11.13-05.27.08:531][597]LogModuleManager: Shutting down and abandoning module VariantManagerContent (341)
[2019.11.13-05.27.08:531][597]LogModuleManager: Shutting down and abandoning module DatasmithContentEditor (339)
[2019.11.13-05.27.08:531][597]LogModuleManager: Shutting down and abandoning module SpeedTreeImporter (337)
[2019.11.13-05.27.08:531][597]LogModuleManager: Shutting down and abandoning module PluginBrowser (335)
[2019.11.13-05.27.08:531][597]LogModuleManager: Shutting down and abandoning module MobileLauncherProfileWizard (333)
[2019.11.13-05.27.08:531][597]LogModuleManager: Shutting down and abandoning module MaterialAnalyzer (331)
[2019.11.13-05.27.08:531][597]LogModuleManager: Shutting down and abandoning module CryptoKeysOpenSSL (329)
[2019.11.13-05.27.08:531][597]LogModuleManager: Shutting down and abandoning module CryptoKeys (327)
[2019.11.13-05.27.08:531][597]LogModuleManager: Shutting down and abandoning module VisualStudioSourceCodeAccess (325)
[2019.11.13-05.27.08:531][597]LogModuleManager: Shutting down and abandoning module VisualStudioCodeSourceCodeAccess (323)
[2019.11.13-05.27.08:531][597]LogModuleManager: Shutting down and abandoning module UObjectPlugin (321)
[2019.11.13-05.27.08:531][597]LogModuleManager: Shutting down and abandoning module SubversionSourceControl (319)
[2019.11.13-05.27.08:531][597]LogModuleManager: Shutting down and abandoning module PerforceSourceControl (317)
[2019.11.13-05.27.08:531][597]LogModuleManager: Shutting down and abandoning module GitSourceControl (315)
[2019.11.13-05.27.08:531][597]LogModuleManager: Shutting down and abandoning module SourceControl (314)
[2019.11.13-05.27.08:531][597]LogModuleManager: Shutting down and abandoning module CLionSourceCodeAccess (311)
[2019.11.13-05.27.08:531][597]LogModuleManager: Shutting down and abandoning module AnimationSharingEd (309)
[2019.11.13-05.27.08:531][597]LogModuleManager: Shutting down and abandoning module ActorLayerUtilitiesEditor (307)
[2019.11.13-05.27.08:531][597]LogModuleManager: Shutting down and abandoning module ActorLayerUtilities (305)
[2019.11.13-05.27.08:531][597]LogModuleManager: Shutting down and abandoning module LightPropagationVolumeEditor (303)
[2019.11.13-05.27.08:531][597]LogModuleManager: Shutting down and abandoning module PaperTiledImporter (301)
[2019.11.13-05.27.08:531][597]LogModuleManager: Shutting down and abandoning module PaperSpriteSheetImporter (299)
[2019.11.13-05.27.08:531][597]LogModuleManager: Shutting down and abandoning module Paper2DEditor (297)
[2019.11.13-05.27.08:531][597]LogModuleManager: Shutting down and abandoning module SignificanceManager (295)
[2019.11.13-05.27.08:531][597]LogModuleManager: Shutting down and abandoning module RuntimePhysXCooking (293)
[2019.11.13-05.27.08:531][597]LogModuleManager: Shutting down and abandoning module PhysXVehiclesEditor (291)
[2019.11.13-05.27.08:531][597]LogModuleManager: Shutting down and abandoning module PhysXVehicles (289)
[2019.11.13-05.27.08:531][597]LogModuleManager: Shutting down and abandoning module LocationServicesBPLibrary (287)
[2019.11.13-05.27.08:531][597]LogModuleManager: Shutting down and abandoning module ActorSequence (285)
[2019.11.13-05.27.08:531][597]LogModuleManager: Shutting down and abandoning module UdpMessaging (283)
[2019.11.13-05.27.08:632][597]LogModuleManager: Shutting down and abandoning module TcpMessaging (281)
[2019.11.13-05.27.08:733][597]LogModuleManager: Shutting down and abandoning module MagicLeapIdentity (279)
[2019.11.13-05.27.08:733][597]LogModuleManager: Shutting down and abandoning module MagicLeapSecureStorage (277)
[2019.11.13-05.27.08:733][597]LogModuleManager: Shutting down and abandoning module MagicLeapHandTracking (275)
[2019.11.13-05.27.08:733][597]LogModuleManager: Shutting down and abandoning module MagicLeapEyeTracker (273)
[2019.11.13-05.27.08:733][597]LogModuleManager: Shutting down and abandoning module MagicLeapController (271)
[2019.11.13-05.27.08:733][597]LogSlate: Slate User Destroyed.  User Index 0, Is Virtual User: 0
[2019.11.13-05.27.08:733][597]LogModuleManager: Shutting down and abandoning module MagicLeapAR (269)
[2019.11.13-05.27.08:733][597]LogModuleManager: Shutting down and abandoning module AugmentedReality (268)
[2019.11.13-05.27.08:733][597]LogModuleManager: Shutting down and abandoning module GameplayTagsEditor (265)
[2019.11.13-05.27.08:733][597]LogModuleManager: Shutting down and abandoning module FacialAnimationEditor (263)
[2019.11.13-05.27.08:733][597]LogModuleManager: Shutting down and abandoning module FacialAnimation (261)
[2019.11.13-05.27.08:733][597]LogModuleManager: Shutting down and abandoning module DataValidation (259)
[2019.11.13-05.27.08:733][597]LogModuleManager: Shutting down and abandoning module AssetManagerEditor (257)
[2019.11.13-05.27.08:733][597]LogModuleManager: Shutting down and abandoning module LevelEditor (256)
[2019.11.13-05.27.08:733][597]LogModuleManager: Shutting down and abandoning module PixelInspectorModule (255)
[2019.11.13-05.27.08:733][597]LogModuleManager: Shutting down and abandoning module CommonMenuExtensions (253)
[2019.11.13-05.27.08:733][597]LogModuleManager: Shutting down and abandoning module MainFrame (251)
[2019.11.13-05.27.08:734][597]LogModuleManager: Shutting down and abandoning module HotReload (250)
[2019.11.13-05.27.08:734][597]LogModuleManager: Shutting down and abandoning module ContentBrowser (246)
[2019.11.13-05.27.08:735][597]LogModuleManager: Shutting down and abandoning module TreeMap (244)
[2019.11.13-05.27.08:735][597]LogModuleManager: Shutting down and abandoning module AnimationSharing (241)
[2019.11.13-05.27.08:735][597]LogModuleManager: Shutting down and abandoning module LightPropagationVolumeRuntime (239)
[2019.11.13-05.27.08:735][597]LogModuleManager: Shutting down and abandoning module AISupportModule (237)
[2019.11.13-05.27.08:735][597]LogModuleManager: Shutting down and abandoning module Paper2D (235)
[2019.11.13-05.27.08:735][597]LogModuleManager: Shutting down and abandoning module WindowsMoviePlayer (233)
[2019.11.13-05.27.08:735][597]LogModuleManager: Shutting down and abandoning module WebMMoviePlayer (231)
[2019.11.13-05.27.08:735][597]LogModuleManager: Shutting down and abandoning module PacketHandler (229)
[2019.11.13-05.27.08:735][597]LogModuleManager: Shutting down and abandoning module ClothingSystemEditor (227)
[2019.11.13-05.27.08:735][597]LogModuleManager: Shutting down and abandoning module ClothingSystemRuntime (225)
[2019.11.13-05.27.08:735][597]LogModuleManager: Shutting down and abandoning module MediaAssets (223)
[2019.11.13-05.27.08:735][597]LogModuleManager: Shutting down and abandoning module Overlay (221)
[2019.11.13-05.27.08:735][597]LogModuleManager: Shutting down and abandoning module OverlayEditor (220)
[2019.11.13-05.27.08:735][597]LogModuleManager: Shutting down and abandoning module VREditor (217)
[2019.11.13-05.27.08:735][597]LogModuleManager: Shutting down and abandoning module StringTableEditor (215)
[2019.11.13-05.27.08:735][597]LogModuleManager: Shutting down and abandoning module GameplayTasksEditor (213)
[2019.11.13-05.27.08:735][597]LogModuleManager: Shutting down and abandoning module BehaviorTreeEditor (211)
[2019.11.13-05.27.08:735][597]LogModuleManager: Shutting down and abandoning module FunctionalTesting (209)
[2019.11.13-05.27.08:735][597]LogModuleManager: Shutting down and abandoning module CollisionAnalyzer (207)
[2019.11.13-05.27.08:735][597]LogModuleManager: Shutting down and abandoning module WorkspaceMenuStructure (206)
[2019.11.13-05.27.08:735][597]LogModuleManager: Shutting down and abandoning module UMG (203)
[2019.11.13-05.27.08:735][597]LogModuleManager: Shutting down and abandoning module UMGEditor (202)
[2019.11.13-05.27.08:735][597]LogModuleManager: Shutting down and abandoning module Sequencer (201)
[2019.11.13-05.27.08:735][597]LogModuleManager: Shutting down and abandoning module MessageLog (198)
[2019.11.13-05.27.08:735][597]LogModuleManager: Shutting down and abandoning module SlateReflector (193)
[2019.11.13-05.27.08:735][597]LogModuleManager: Shutting down and abandoning module Slate (191)
[2019.11.13-05.27.08:735][597]LogModuleManager: Shutting down and abandoning module EditorStyle (189)
[2019.11.13-05.27.08:736][597]LogModuleManager: Shutting down and abandoning module UnrealEd (187)
[2019.11.13-05.27.08:736][597]LogModuleManager: Shutting down and abandoning module MRMesh (185)
[2019.11.13-05.27.08:736][597]LogModuleManager: Shutting down and abandoning module SourceCodeAccess (183)
[2019.11.13-05.27.08:736][597]LogModuleManager: Shutting down and abandoning module HeadMountedDisplay (181)
[2019.11.13-05.27.08:736][597]LogModuleManager: Shutting down and abandoning module XAudio2 (179)
[2019.11.13-05.27.08:736][597]LogModuleManager: Shutting down and abandoning module Networking (177)
[2019.11.13-05.27.08:736][597]LogModuleManager: Shutting down and abandoning module Core (175)
[2019.11.13-05.27.08:736][597]LogModuleManager: Shutting down and abandoning module KismetCompiler (173)
[2019.11.13-05.27.08:736][597]LogModuleManager: Shutting down and abandoning module MeshUtilities (171)
[2019.11.13-05.27.08:736][597]LogModuleManager: Shutting down and abandoning module MeshMergeUtilities (170)
[2019.11.13-05.27.08:736][597]LogModuleManager: Shutting down and abandoning module MeshReductionInterface (169)
[2019.11.13-05.27.08:736][597]LogModuleManager: Shutting down and abandoning module SkeletalMeshReduction (168)
[2019.11.13-05.27.08:736][597]LogModuleManager: Shutting down and abandoning module ProxyLODMeshReduction (166)
[2019.11.13-05.27.08:736][597]LogModuleManager: Shutting down and abandoning module QuadricMeshReduction (164)
[2019.11.13-05.27.08:736][597]LogModuleManager: Shutting down and abandoning module MaterialBaking (160)
[2019.11.13-05.27.08:736][597]LogModuleManager: Shutting down and abandoning module DerivedDataCache (155)
[2019.11.13-05.27.08:766][597]LogDerivedDataCache: Shutdown
[2019.11.13-05.27.08:766][597]LogModuleManager: Shutting down and abandoning module XGEController (153)
[2019.11.13-05.27.08:766][597]LogXGEController: Cleaning working directory: C:/Users/ames/AppData/Local/Temp/UnrealXGEWorkingDir/
[2019.11.13-05.27.08:767][597]LogModuleManager: Shutting down and abandoning module TargetPlatform (151)
[2019.11.13-05.27.08:767][597]LogModuleManager: Shutting down and abandoning module VulkanShaderFormat (150)
[2019.11.13-05.27.08:767][597]LogModuleManager: Shutting down and abandoning module ShaderFormatVectorVM (148)
[2019.11.13-05.27.08:767][597]LogModuleManager: Shutting down and abandoning module ShaderFormatOpenGL (146)
[2019.11.13-05.27.08:767][597]LogModuleManager: Shutting down and abandoning module ShaderFormatD3D (144)
[2019.11.13-05.27.08:767][597]LogModuleManager: Shutting down and abandoning module MetalShaderFormat (142)
[2019.11.13-05.27.08:767][597]LogModuleManager: Shutting down and abandoning module TextureFormatUncompressed (140)
[2019.11.13-05.27.08:767][597]LogModuleManager: Shutting down and abandoning module TextureFormatPVR (138)
[2019.11.13-05.27.08:767][597]LogModuleManager: Shutting down and abandoning module TextureFormatDXT (136)
[2019.11.13-05.27.08:767][597]LogModuleManager: Shutting down and abandoning module TextureFormatIntelISPCTexComp (134)
[2019.11.13-05.27.08:767][597]LogModuleManager: Shutting down and abandoning module TextureFormatASTC (132)
[2019.11.13-05.27.08:767][597]LogModuleManager: Shutting down and abandoning module ImageWrapper (131)
[2019.11.13-05.27.08:767][597]LogModuleManager: Shutting down and abandoning module TextureFormatAndroid (128)
[2019.11.13-05.27.08:767][597]LogModuleManager: Shutting down and abandoning module AudioFormatOpus (126)
[2019.11.13-05.27.08:767][597]LogModuleManager: Shutting down and abandoning module AudioFormatOgg (124)
[2019.11.13-05.27.08:767][597]LogModuleManager: Shutting down and abandoning module AudioFormatADPCM (122)
[2019.11.13-05.27.08:767][597]LogModuleManager: Shutting down and abandoning module LuminTargetPlatform (120)
[2019.11.13-05.27.08:768][597]LogModuleManager: Shutting down and abandoning module LinuxTargetPlatform (118)
[2019.11.13-05.27.08:768][597]LogModuleManager: Shutting down and abandoning module LinuxServerTargetPlatform (116)
[2019.11.13-05.27.08:768][597]LogModuleManager: Shutting down and abandoning module LinuxNoEditorTargetPlatform (114)
[2019.11.13-05.27.08:768][597]LogModuleManager: Shutting down and abandoning module LinuxClientTargetPlatform (112)
[2019.11.13-05.27.08:768][597]LogModuleManager: Shutting down and abandoning module TVOSTargetPlatform (110)
[2019.11.13-05.27.08:768][597]LogModuleManager: Shutting down and abandoning module Messaging (108)
[2019.11.13-05.27.08:768][597]LogModuleManager: Shutting down and abandoning module IOSTargetPlatform (106)
[2019.11.13-05.27.08:769][597]LogModuleManager: Shutting down and abandoning module HTML5TargetPlatform (104)
[2019.11.13-05.27.08:769][597]LogModuleManager: Shutting down and abandoning module AndroidTargetPlatform (102)
[2019.11.13-05.27.08:773][597]LogModuleManager: Shutting down and abandoning module WindowsTargetPlatform (100)
[2019.11.13-05.27.08:773][597]LogModuleManager: Shutting down and abandoning module WindowsServerTargetPlatform (98)
[2019.11.13-05.27.08:773][597]LogModuleManager: Shutting down and abandoning module WindowsNoEditorTargetPlatform (96)
[2019.11.13-05.27.08:773][597]LogModuleManager: Shutting down and abandoning module WindowsClientTargetPlatform (94)
[2019.11.13-05.27.08:773][597]LogModuleManager: Shutting down and abandoning module MacTargetPlatform (92)
[2019.11.13-05.27.08:773][597]LogModuleManager: Shutting down and abandoning module MacServerTargetPlatform (90)
[2019.11.13-05.27.08:773][597]LogModuleManager: Shutting down and abandoning module MacNoEditorTargetPlatform (88)
[2019.11.13-05.27.08:773][597]LogModuleManager: Shutting down and abandoning module MacClientTargetPlatform (86)
[2019